2026-05-20 14:36:35 | INFO | Aplicacao iniciada.
2026-05-20 14:36:35 | INFO | Tentando importar modulo do ProjectWise.
2026-05-20 14:36:35 | INFO | Modulo 'pwps_dab' ja carregado.
2026-05-20 14:36:35 | INFO | Tentando conectar ao datasource do ProjectWise.
2026-05-20 14:36:35 | INFO | Tentando conexao via 'New-PWLogin'. Parametros: DatasourceName, UserName, Password, UseGui, DoNotCreateWorkingDirectory, BentleyIMS, LoadWRE, NonAdminLogin, Token, Verbose, Debug, ErrorAction, WarningAction, InformationAction, ErrorVariable, WarningVariable, InformationVariable, OutVariable, OutBuffer, PipelineVariable
2026-05-20 14:36:49 | INFO | Conexao realizada via 'New-PWLogin -BentleyIMS'.
2026-05-20 14:36:49 | INFO | Conexao com ProjectWise realizada com sucesso.
2026-05-20 14:37:31 | INFO | Buscando usuario pelo email: marcos.v.melo@ecovias.com.br
2026-05-20 14:37:31 | INFO | Parametros encontrados no cmdlet: UserName, UserId, SecProvider, Email, Identity, Disabled, Enabled, LastLogin, LoginInfo, Verbose, Debug, ErrorAction, WarningAction, InformationAction, ErrorVariable, WarningVariable, InformationVariable, OutVariable, OutBuffer, PipelineVariable
2026-05-20 14:37:31 | INFO | Usuario localizado com correspondencia exata de email.
2026-05-20 14:37:34 | INFO | Listando pastas da raiz por Root.
2026-05-20 14:37:40 | INFO | Listando filhos da pasta ID: 56
2026-05-20 14:38:00 | INFO | Listando filhos da pasta ID: 292
2026-05-20 14:38:01 | INFO | Listando filhos da pasta ID: 14120
2026-05-20 14:38:07 | INFO | Iniciando leitura da seguranca do projeto 'Alteamento de Greide' (ID: 245710)
2026-05-20 14:38:07 | INFO | Get-PWFolderSecurity retornou 14 item(ns).
2026-05-20 14:38:08 | INFO | Get-PWFolderTreeAccessObjects retornou 1 item(ns).
2026-05-20 14:38:08 | WARN | Cmdlet Get-PWProjectSecurity nao encontrado no ambiente. A leitura seguira apenas com FolderSecurity/TreeAccessObjects.
2026-05-20 14:38:08 | INFO | Total consolidado de acessos encontrados: 13
2026-05-20 14:38:08 | INFO | Projeto 'Alteamento de Greide - km 163 - BR101/ES' carregado para arvore. Groups=11 | UserLists=1 | Outros=1
2026-05-20 14:38:08 | INFO | Iniciando leitura da seguranca do projeto 'Ciclovia de Linhares' (ID: 244929)
2026-05-20 14:38:09 | INFO | Get-PWFolderSecurity retornou 14 item(ns).
2026-05-20 14:38:09 | INFO | Get-PWFolderTreeAccessObjects retornou 1 item(ns).
2026-05-20 14:38:09 | WARN | Cmdlet Get-PWProjectSecurity nao encontrado no ambiente. A leitura seguira apenas com FolderSecurity/TreeAccessObjects.
2026-05-20 14:38:09 | INFO | Total consolidado de acessos encontrados: 13
2026-05-20 14:38:09 | INFO | Projeto 'Ciclovia de Linhares - km 138,794 +144,750 - BR101/ES' carregado para arvore. Groups=11 | UserLists=1 | Outros=1
2026-05-20 14:38:09 | INFO | Iniciando leitura da seguranca do projeto 'Contorno de Fundão' (ID: 242586)
2026-05-20 14:38:09 | INFO | Get-PWFolderSecurity retornou 14 item(ns).
2026-05-20 14:38:09 | INFO | Get-PWFolderTreeAccessObjects retornou 1 item(ns).
2026-05-20 14:38:10 | WARN | Cmdlet Get-PWProjectSecurity nao encontrado no ambiente. A leitura seguira apenas com FolderSecurity/TreeAccessObjects.
2026-05-20 14:38:10 | INFO | Total consolidado de acessos encontrados: 13
2026-05-20 14:38:10 | INFO | Projeto 'Contorno de Fundão - km 227 + 232 - BR101/ES' carregado para arvore. Groups=11 | UserLists=1 | Outros=1
2026-05-20 14:38:10 | INFO | Iniciando leitura da seguranca do projeto 'Contorno de Ibiraçu' (ID: 244148)
2026-05-20 14:38:10 | INFO | Get-PWFolderSecurity retornou 14 item(ns).
2026-05-20 14:38:10 | INFO | Get-PWFolderTreeAccessObjects retornou 1 item(ns).
2026-05-20 14:38:10 | WARN | Cmdlet Get-PWProjectSecurity nao encontrado no ambiente. A leitura seguira apenas com FolderSecurity/TreeAccessObjects.
2026-05-20 14:38:10 | INFO | Total consolidado de acessos encontrados: 13
2026-05-20 14:38:10 | INFO | Projeto 'Contorno de Ibiraçu - km 212 + 215 - BR101/ES' carregado para arvore. Groups=11 | UserLists=1 | Outros=1
2026-05-20 14:38:10 | INFO | Iniciando leitura da seguranca do projeto 'Contorno de Vitória' (ID: 243367)
2026-05-20 14:38:11 | INFO | Get-PWFolderSecurity retornou 14 item(ns).
2026-05-20 14:38:11 | INFO | Get-PWFolderTreeAccessObjects retornou 1 item(ns).
2026-05-20 14:38:11 | WARN | Cmdlet Get-PWProjectSecurity nao encontrado no ambiente. A leitura seguira apenas com FolderSecurity/TreeAccessObjects.
2026-05-20 14:38:11 | INFO | Total consolidado de acessos encontrados: 13
2026-05-20 14:38:11 | INFO | Projeto 'Contorno de Vitória Dispositivo 1 - km 284,710 - BR101/ES' carregado para arvore. Groups=11 | UserLists=1 | Outros=1
2026-05-20 14:38:11 | INFO | Iniciando leitura da seguranca do projeto 'Contorno Dis.' (ID: 332794)
2026-05-20 14:38:11 | INFO | Get-PWFolderSecurity retornou 14 item(ns).
2026-05-20 14:38:11 | INFO | Get-PWFolderTreeAccessObjects retornou 1 item(ns).
2026-05-20 14:38:11 | WARN | Cmdlet Get-PWProjectSecurity nao encontrado no ambiente. A leitura seguira apenas com FolderSecurity/TreeAccessObjects.
2026-05-20 14:38:11 | INFO | Total consolidado de acessos encontrados: 13
2026-05-20 14:38:11 | INFO | Projeto 'Contorno de Vitória Dispositivo 2 - km 287,730 - BR101/ES' carregado para arvore. Groups=11 | UserLists=1 | Outros=1
2026-05-20 14:38:11 | INFO | Iniciando leitura da seguranca do projeto 'Contorno Marg.' (ID: 333576)
2026-05-20 14:38:12 | INFO | Get-PWFolderSecurity retornou 14 item(ns).
2026-05-20 14:38:12 | INFO | Get-PWFolderTreeAccessObjects retornou 1 item(ns).
2026-05-20 14:38:12 | WARN | Cmdlet Get-PWProjectSecurity nao encontrado no ambiente. A leitura seguira apenas com FolderSecurity/TreeAccessObjects.
2026-05-20 14:38:12 | INFO | Total consolidado de acessos encontrados: 13
2026-05-20 14:38:12 | INFO | Projeto 'Contorno de Vitória Marginais - km 278,900 + 291,000 - BR101/ES' carregado para arvore. Groups=11 | UserLists=1 | Outros=1
2026-05-20 14:38:12 | INFO | Iniciando leitura da seguranca do projeto 'Dupli. Contor. de Fundão' (ID: 351230)
2026-05-20 14:38:13 | INFO | Get-PWFolderSecurity retornou 14 item(ns).
2026-05-20 14:38:13 | INFO | Get-PWFolderTreeAccessObjects retornou 1 item(ns).
2026-05-20 14:38:13 | WARN | Cmdlet Get-PWProjectSecurity nao encontrado no ambiente. A leitura seguira apenas com FolderSecurity/TreeAccessObjects.
2026-05-20 14:38:13 | INFO | Total consolidado de acessos encontrados: 13
2026-05-20 14:38:13 | INFO | Projeto 'Duplicação SH C (Contorno de Fundão) - km 222,9 + 227 - BR101/ES' carregado para arvore. Groups=11 | UserLists=1 | Outros=1
2026-05-20 14:38:13 | INFO | Iniciando leitura da seguranca do projeto 'Dupli. Contor. de Ibiraçu' (ID: 350448)
2026-05-20 14:38:13 | INFO | Get-PWFolderSecurity retornou 14 item(ns).
2026-05-20 14:38:13 | INFO | Get-PWFolderTreeAccessObjects retornou 1 item(ns).
2026-05-20 14:38:13 | WARN | Cmdlet Get-PWProjectSecurity nao encontrado no ambiente. A leitura seguira apenas com FolderSecurity/TreeAccessObjects.
2026-05-20 14:38:13 | INFO | Total consolidado de acessos encontrados: 13
2026-05-20 14:38:13 | INFO | Projeto 'Duplicação SH C (Contorno de Ibiraçu) - km 210,9 + 212 - BR101/ES' carregado para arvore. Groups=11 | UserLists=1 | Outros=1
2026-05-20 14:38:13 | INFO | Iniciando leitura da seguranca do projeto 'Duplicação C' (ID: 248054)
2026-05-20 14:38:14 | INFO | Get-PWFolderSecurity retornou 14 item(ns).
2026-05-20 14:38:14 | INFO | Get-PWFolderTreeAccessObjects retornou 1 item(ns).
2026-05-20 14:38:14 | WARN | Cmdlet Get-PWProjectSecurity nao encontrado no ambiente. A leitura seguira apenas com FolderSecurity/TreeAccessObjects.
2026-05-20 14:38:14 | INFO | Total consolidado de acessos encontrados: 13
2026-05-20 14:38:14 | INFO | Projeto 'Duplicação SH C - km 203,6 + 222,9 - BR101/ES' carregado para arvore. Groups=11 | UserLists=1 | Outros=1
2026-05-20 14:38:14 | INFO | Iniciando leitura da seguranca do projeto 'Duplicação D1' (ID: 248835)
2026-05-20 14:38:15 | INFO | Get-PWFolderSecurity retornou 14 item(ns).
2026-05-20 14:38:15 | INFO | Get-PWFolderTreeAccessObjects retornou 1 item(ns).
2026-05-20 14:38:15 | WARN | Cmdlet Get-PWProjectSecurity nao encontrado no ambiente. A leitura seguira apenas com FolderSecurity/TreeAccessObjects.
2026-05-20 14:38:15 | INFO | Total consolidado de acessos encontrados: 13
2026-05-20 14:38:15 | INFO | Projeto 'Duplicação SH D1 - km 242 + 247 - BR101/ES' carregado para arvore. Groups=11 | UserLists=1 | Outros=1
2026-05-20 14:38:15 | INFO | Iniciando leitura da seguranca do projeto 'Duplicação D2' (ID: 249616)
2026-05-20 14:38:15 | INFO | Get-PWFolderSecurity retornou 14 item(ns).
2026-05-20 14:38:15 | INFO | Get-PWFolderTreeAccessObjects retornou 1 item(ns).
2026-05-20 14:38:15 | WARN | Cmdlet Get-PWProjectSecurity nao encontrado no ambiente. A leitura seguira apenas com FolderSecurity/TreeAccessObjects.
2026-05-20 14:38:15 | INFO | Total consolidado de acessos encontrados: 13
2026-05-20 14:38:15 | INFO | Projeto 'Duplicação SH D2 - km 231,9 + 242 - BR101/ES' carregado para arvore. Groups=11 | UserLists=1 | Outros=1
2026-05-20 14:38:15 | INFO | Iniciando leitura da seguranca do projeto 'Duplicação F' (ID: 259324)
2026-05-20 14:38:16 | INFO | Get-PWFolderSecurity retornou 14 item(ns).
2026-05-20 14:38:16 | INFO | Get-PWFolderTreeAccessObjects retornou 1 item(ns).
2026-05-20 14:38:16 | WARN | Cmdlet Get-PWProjectSecurity nao encontrado no ambiente. A leitura seguira apenas com FolderSecurity/TreeAccessObjects.
2026-05-20 14:38:16 | INFO | Total consolidado de acessos encontrados: 13
2026-05-20 14:38:16 | INFO | Projeto 'Duplicação SH F - km 308,1 + 359,2 - BR101/ES' carregado para arvore. Groups=11 | UserLists=1 | Outros=1
2026-05-20 14:38:16 | INFO | Iniciando leitura da seguranca do projeto 'Duplicação G1A' (ID: 250397)
2026-05-20 14:38:17 | INFO | Get-PWFolderSecurity retornou 16 item(ns).
2026-05-20 14:38:17 | INFO | Get-PWFolderTreeAccessObjects retornou 1 item(ns).
2026-05-20 14:38:17 | WARN | Cmdlet Get-PWProjectSecurity nao encontrado no ambiente. A leitura seguira apenas com FolderSecurity/TreeAccessObjects.
2026-05-20 14:38:17 | INFO | Total consolidado de acessos encontrados: 14
2026-05-20 14:38:17 | INFO | Projeto 'Duplicação SH G1A (Obras) -  km 357,7 + 373,5 - BR101/ES' carregado para arvore. Groups=12 | UserLists=1 | Outros=1
2026-05-20 14:38:17 | INFO | Iniciando leitura da seguranca do projeto 'Duplicação G1A ANTT' (ID: 360783)
2026-05-20 14:38:17 | INFO | Get-PWFolderSecurity retornou 14 item(ns).
2026-05-20 14:38:17 | INFO | Get-PWFolderTreeAccessObjects retornou 1 item(ns).
2026-05-20 14:38:17 | WARN | Cmdlet Get-PWProjectSecurity nao encontrado no ambiente. A leitura seguira apenas com FolderSecurity/TreeAccessObjects.
2026-05-20 14:38:17 | INFO | Total consolidado de acessos encontrados: 13
2026-05-20 14:38:17 | INFO | Projeto 'Duplicação SH G1A (ANTT) -  km 357,7 + 373,5 - BR101/ES' carregado para arvore. Groups=11 | UserLists=1 | Outros=1
2026-05-20 14:38:17 | INFO | Iniciando leitura da seguranca do projeto 'Duplicação G1B' (ID: 251178)
2026-05-20 14:38:18 | INFO | Get-PWFolderSecurity retornou 14 item(ns).
2026-05-20 14:38:18 | INFO | Get-PWFolderTreeAccessObjects retornou 1 item(ns).
2026-05-20 14:38:18 | WARN | Cmdlet Get-PWProjectSecurity nao encontrado no ambiente. A leitura seguira apenas com FolderSecurity/TreeAccessObjects.
2026-05-20 14:38:18 | INFO | Total consolidado de acessos encontrados: 13
2026-05-20 14:38:18 | INFO | Projeto 'Duplicação SH G1B - km 380,3 + 396,8 - BR101/ES' carregado para arvore. Groups=11 | UserLists=1 | Outros=1
2026-05-20 14:38:18 | INFO | Iniciando leitura da seguranca do projeto 'Duplicação G2' (ID: 251959)
2026-05-20 14:38:18 | INFO | Get-PWFolderSecurity retornou 14 item(ns).
2026-05-20 14:38:18 | INFO | Get-PWFolderTreeAccessObjects retornou 1 item(ns).
2026-05-20 14:38:18 | WARN | Cmdlet Get-PWProjectSecurity nao encontrado no ambiente. A leitura seguira apenas com FolderSecurity/TreeAccessObjects.
2026-05-20 14:38:18 | INFO | Total consolidado de acessos encontrados: 13
2026-05-20 14:38:18 | INFO | Projeto 'Duplicação SH G2 -  km 396,8 + 426,7 - BR101/ES' carregado para arvore. Groups=11 | UserLists=1 | Outros=1
2026-05-20 14:38:18 | INFO | Iniciando leitura da seguranca do projeto 'HS-WIM' (ID: 258071)
2026-05-20 14:38:19 | INFO | Get-PWFolderSecurity retornou 14 item(ns).
2026-05-20 14:38:19 | INFO | Get-PWFolderTreeAccessObjects retornou 1 item(ns).
2026-05-20 14:38:19 | WARN | Cmdlet Get-PWProjectSecurity nao encontrado no ambiente. A leitura seguira apenas com FolderSecurity/TreeAccessObjects.
2026-05-20 14:38:19 | INFO | Total consolidado de acessos encontrados: 13
2026-05-20 14:38:19 | INFO | Projeto 'HS-WIM - Ibiraçu - km 224 - BR101/ES' carregado para arvore. Groups=11 | UserLists=1 | Outros=1
2026-05-20 14:38:19 | INFO | Iniciando leitura da seguranca do projeto 'Marginais de Viana' (ID: 252740)
2026-05-20 14:38:20 | INFO | Get-PWFolderSecurity retornou 14 item(ns).
2026-05-20 14:38:20 | INFO | Get-PWFolderTreeAccessObjects retornou 1 item(ns).
2026-05-20 14:38:20 | WARN | Cmdlet Get-PWProjectSecurity nao encontrado no ambiente. A leitura seguira apenas com FolderSecurity/TreeAccessObjects.
2026-05-20 14:38:20 | INFO | Total consolidado de acessos encontrados: 13
2026-05-20 14:38:20 | INFO | Projeto 'Marginais de Viana -  km 291,5 + 304,8 - BR101/ES' carregado para arvore. Groups=11 | UserLists=1 | Outros=1
2026-05-20 14:38:20 | INFO | Iniciando leitura da seguranca do projeto 'Passarelas 6 km' (ID: 246491)
2026-05-20 14:38:20 | INFO | Get-PWFolderSecurity retornou 14 item(ns).
2026-05-20 14:38:20 | INFO | Get-PWFolderTreeAccessObjects retornou 1 item(ns).
2026-05-20 14:38:20 | WARN | Cmdlet Get-PWProjectSecurity nao encontrado no ambiente. A leitura seguira apenas com FolderSecurity/TreeAccessObjects.
2026-05-20 14:38:20 | INFO | Total consolidado de acessos encontrados: 13
2026-05-20 14:38:20 | INFO | Projeto 'Passarelas - km 6 - BR101/ES' carregado para arvore. Groups=11 | UserLists=1 | Outros=1
2026-05-20 14:38:20 | INFO | Iniciando leitura da seguranca do projeto 'Pedro Canário' (ID: 253973)
2026-05-20 14:38:21 | INFO | Get-PWFolderSecurity retornou 14 item(ns).
2026-05-20 14:38:21 | INFO | Get-PWFolderTreeAccessObjects retornou 1 item(ns).
2026-05-20 14:38:21 | WARN | Cmdlet Get-PWProjectSecurity nao encontrado no ambiente. A leitura seguira apenas com FolderSecurity/TreeAccessObjects.
2026-05-20 14:38:21 | INFO | Total consolidado de acessos encontrados: 13
2026-05-20 14:38:21 | INFO | Projeto 'Pedro Canário (km 15 + 17) / Linhares (km 146 + 150) / Timbuí (km 237 + 239) - BR101/ES' carregado para arvore. Groups=11 | UserLists=1 | Outros=1
2026-05-20 14:38:21 | INFO | Iniciando leitura da seguranca do projeto 'PPD Norte' (ID: 255227)
2026-05-20 14:38:22 | INFO | Get-PWFolderSecurity retornou 23 item(ns).
2026-05-20 14:38:22 | INFO | Get-PWFolderTreeAccessObjects retornou 1 item(ns).
2026-05-20 14:38:22 | WARN | Cmdlet Get-PWProjectSecurity nao encontrado no ambiente. A leitura seguira apenas com FolderSecurity/TreeAccessObjects.
2026-05-20 14:38:22 | INFO | Total consolidado de acessos encontrados: 22
2026-05-20 14:38:22 | INFO | Projeto 'PPD Trecho Norte - Linhares - km 169+900 - BR101/ES' carregado para arvore. Groups=20 | UserLists=1 | Outros=1
2026-05-20 14:38:22 | INFO | Iniciando leitura da seguranca do projeto 'PPD Sul' (ID: 256672)
2026-05-20 14:38:23 | INFO | Get-PWFolderSecurity retornou 23 item(ns).
2026-05-20 14:38:23 | INFO | Get-PWFolderTreeAccessObjects retornou 1 item(ns).
2026-05-20 14:38:23 | WARN | Cmdlet Get-PWProjectSecurity nao encontrado no ambiente. A leitura seguira apenas com FolderSecurity/TreeAccessObjects.
2026-05-20 14:38:23 | INFO | Total consolidado de acessos encontrados: 22
2026-05-20 14:38:23 | INFO | Projeto 'PPD Trecho Sul - Serra - km 425+300 - BR101/ES' carregado para arvore. Groups=20 | UserLists=1 | Outros=1
2026-05-20 14:38:23 | INFO | Iniciando leitura da seguranca do projeto 'Vias Marginais' (ID: 247272)
2026-05-20 14:38:23 | INFO | Get-PWFolderSecurity retornou 14 item(ns).
2026-05-20 14:38:23 | INFO | Get-PWFolderTreeAccessObjects retornou 1 item(ns).
2026-05-20 14:38:23 | WARN | Cmdlet Get-PWProjectSecurity nao encontrado no ambiente. A leitura seguira apenas com FolderSecurity/TreeAccessObjects.
2026-05-20 14:38:23 | INFO | Total consolidado de acessos encontrados: 13
2026-05-20 14:38:23 | INFO | Projeto 'Marginais de Vitória - km 278,200 - 291,500 - BR101/ES' carregado para arvore. Groups=11 | UserLists=1 | Outros=1
2026-05-20 14:46:54 | INFO | Resumo final da execução | Total=8 | Sucesso=8 | JaExiste=0 | Erro=0
2026-05-20 14:49:49 | INFO | Buscando usuario pelo email: T_Juliana.Fontoura@ecorodovias.com.br
2026-05-20 14:49:49 | INFO | Parametros encontrados no cmdlet: UserName, UserId, SecProvider, Email, Identity, Disabled, Enabled, LastLogin, LoginInfo, Verbose, Debug, ErrorAction, WarningAction, InformationAction, ErrorVariable, WarningVariable, InformationVariable, OutVariable, OutBuffer, PipelineVariable
2026-05-20 14:49:49 | INFO | Usuario localizado com correspondencia exata de email.
2026-05-20 14:50:03 | INFO | Listando pastas da raiz por Root.
2026-05-20 14:50:04 | INFO | Listando filhos da pasta ID: 56
2026-05-20 14:51:57 | ERROR | Erro ao localizar concessao. Detalhe: Selecao cancelada pelo operador.
2026-05-20 14:54:53 | ERROR | Erro ao importar usuarios. Detalhe: Nenhum e-mail foi encontrado. Use uma coluna chamada E-mail, Email, Mail ou Usuario.
2026-05-20 14:55:24 | INFO | Buscando usuario pelo email: T_Maria.Garcia@ecorodovias.com.br
2026-05-20 14:55:24 | INFO | Parametros encontrados no cmdlet: UserName, UserId, SecProvider, Email, Identity, Disabled, Enabled, LastLogin, LoginInfo, Verbose, Debug, ErrorAction, WarningAction, InformationAction, ErrorVariable, WarningVariable, InformationVariable, OutVariable, OutBuffer, PipelineVariable
2026-05-20 14:55:24 | INFO | Usuario localizado com correspondencia exata de email.
2026-05-20 14:55:27 | INFO | Buscando usuario pelo email: joao.wanka@appeltda.onmicrosoft.com
2026-05-20 14:55:27 | INFO | Parametros encontrados no cmdlet: UserName, UserId, SecProvider, Email, Identity, Disabled, Enabled, LastLogin, LoginInfo, Verbose, Debug, ErrorAction, WarningAction, InformationAction, ErrorVariable, WarningVariable, InformationVariable, OutVariable, OutBuffer, PipelineVariable
2026-05-20 14:55:27 | INFO | Usuario localizado com correspondencia exata de email.
2026-05-20 14:55:28 | INFO | Buscando usuario pelo email: manoel.simon@appeltda.onmicrosoft.com
2026-05-20 14:55:28 | INFO | Parametros encontrados no cmdlet: UserName, UserId, SecProvider, Email, Identity, Disabled, Enabled, LastLogin, LoginInfo, Verbose, Debug, ErrorAction, WarningAction, InformationAction, ErrorVariable, WarningVariable, InformationVariable, OutVariable, OutBuffer, PipelineVariable
2026-05-20 14:55:28 | INFO | Usuario localizado com correspondencia exata de email.
2026-05-20 14:55:29 | INFO | Buscando usuario pelo email: T_Juliana.Fontoura@ecorodovias.com.br
2026-05-20 14:55:29 | INFO | Parametros encontrados no cmdlet: UserName, UserId, SecProvider, Email, Identity, Disabled, Enabled, LastLogin, LoginInfo, Verbose, Debug, ErrorAction, WarningAction, InformationAction, ErrorVariable, WarningVariable, InformationVariable, OutVariable, OutBuffer, PipelineVariable
2026-05-20 14:55:29 | INFO | Usuario localizado com correspondencia exata de email.
2026-05-20 14:55:30 | INFO | Buscando usuario pelo email: T_Romulo.Lucion@ecorodovias.com.br
2026-05-20 14:55:30 | INFO | Parametros encontrados no cmdlet: UserName, UserId, SecProvider, Email, Identity, Disabled, Enabled, LastLogin, LoginInfo, Verbose, Debug, ErrorAction, WarningAction, InformationAction, ErrorVariable, WarningVariable, InformationVariable, OutVariable, OutBuffer, PipelineVariable
2026-05-20 14:55:30 | INFO | Usuario localizado com correspondencia exata de email.
2026-05-20 14:55:31 | INFO | Buscando usuario pelo email: rafael@ravgeotecnia.com.br
2026-05-20 14:55:31 | INFO | Parametros encontrados no cmdlet: UserName, UserId, SecProvider, Email, Identity, Disabled, Enabled, LastLogin, LoginInfo, Verbose, Debug, ErrorAction, WarningAction, InformationAction, ErrorVariable, WarningVariable, InformationVariable, OutVariable, OutBuffer, PipelineVariable
2026-05-20 14:55:31 | INFO | Usuario localizado com correspondencia exata de email.
2026-05-20 14:55:31 | INFO | Buscando usuario pelo email: t_amanda.santos@ecorodovias.com.br
2026-05-20 14:55:31 | INFO | Parametros encontrados no cmdlet: UserName, UserId, SecProvider, Email, Identity, Disabled, Enabled, LastLogin, LoginInfo, Verbose, Debug, ErrorAction, WarningAction, InformationAction, ErrorVariable, WarningVariable, InformationVariable, OutVariable, OutBuffer, PipelineVariable
2026-05-20 14:55:32 | INFO | Usuario localizado com correspondencia exata de email.
2026-05-20 14:55:32 | INFO | Buscando usuario pelo email: miguel.cardoso@appeltda.onmicrosoft.com
2026-05-20 14:55:32 | INFO | Parametros encontrados no cmdlet: UserName, UserId, SecProvider, Email, Identity, Disabled, Enabled, LastLogin, LoginInfo, Verbose, Debug, ErrorAction, WarningAction, InformationAction, ErrorVariable, WarningVariable, InformationVariable, OutVariable, OutBuffer, PipelineVariable
2026-05-20 14:55:33 | INFO | Usuario localizado com correspondencia exata de email.
2026-05-20 14:55:33 | INFO | Buscando usuario pelo email: Juliana.Cazuriaga@ecorodovias.com.br
2026-05-20 14:55:33 | INFO | Parametros encontrados no cmdlet: UserName, UserId, SecProvider, Email, Identity, Disabled, Enabled, LastLogin, LoginInfo, Verbose, Debug, ErrorAction, WarningAction, InformationAction, ErrorVariable, WarningVariable, InformationVariable, OutVariable, OutBuffer, PipelineVariable
2026-05-20 14:55:34 | INFO | Usuario localizado com correspondencia exata de email.
2026-05-20 14:55:35 | INFO | Buscando usuario pelo email: prudencio.wust@appeltda.onmicrosoft.com
2026-05-20 14:55:35 | INFO | Parametros encontrados no cmdlet: UserName, UserId, SecProvider, Email, Identity, Disabled, Enabled, LastLogin, LoginInfo, Verbose, Debug, ErrorAction, WarningAction, InformationAction, ErrorVariable, WarningVariable, InformationVariable, OutVariable, OutBuffer, PipelineVariable
2026-05-20 14:55:35 | INFO | Usuario localizado com correspondencia exata de email.
2026-05-20 14:55:36 | INFO | Buscando usuario pelo email: juliana.morais@ecorodovias.com.br
2026-05-20 14:55:36 | INFO | Parametros encontrados no cmdlet: UserName, UserId, SecProvider, Email, Identity, Disabled, Enabled, LastLogin, LoginInfo, Verbose, Debug, ErrorAction, WarningAction, InformationAction, ErrorVariable, WarningVariable, InformationVariable, OutVariable, OutBuffer, PipelineVariable
2026-05-20 14:55:37 | INFO | Usuario localizado com correspondencia exata de email.
2026-05-20 14:55:38 | INFO | Buscando usuario pelo email: beatriz.pozzebon@ecorodovias.com.br
2026-05-20 14:55:38 | INFO | Parametros encontrados no cmdlet: UserName, UserId, SecProvider, Email, Identity, Disabled, Enabled, LastLogin, LoginInfo, Verbose, Debug, ErrorAction, WarningAction, InformationAction, ErrorVariable, WarningVariable, InformationVariable, OutVariable, OutBuffer, PipelineVariable
2026-05-20 14:55:38 | INFO | Usuario localizado com correspondencia exata de email.
2026-05-20 14:55:39 | INFO | Buscando usuario pelo email: felipe.aldea@ecorodovias.com.br
2026-05-20 14:55:39 | INFO | Parametros encontrados no cmdlet: UserName, UserId, SecProvider, Email, Identity, Disabled, Enabled, LastLogin, LoginInfo, Verbose, Debug, ErrorAction, WarningAction, InformationAction, ErrorVariable, WarningVariable, InformationVariable, OutVariable, OutBuffer, PipelineVariable
2026-05-20 14:55:39 | INFO | Usuario localizado com correspondencia exata de email.
2026-05-20 14:55:40 | INFO | Buscando usuario pelo email: pedro.monteiro@ecorodovias.com.br
2026-05-20 14:55:40 | INFO | Parametros encontrados no cmdlet: UserName, UserId, SecProvider, Email, Identity, Disabled, Enabled, LastLogin, LoginInfo, Verbose, Debug, ErrorAction, WarningAction, InformationAction, ErrorVariable, WarningVariable, InformationVariable, OutVariable, OutBuffer, PipelineVariable
2026-05-20 14:55:40 | INFO | Usuario localizado com correspondencia exata de email.
2026-05-20 14:55:41 | INFO | Buscando usuario pelo email: t_gustavofe@ecorodovias.com.br
2026-05-20 14:55:41 | INFO | Parametros encontrados no cmdlet: UserName, UserId, SecProvider, Email, Identity, Disabled, Enabled, LastLogin, LoginInfo, Verbose, Debug, ErrorAction, WarningAction, InformationAction, ErrorVariable, WarningVariable, InformationVariable, OutVariable, OutBuffer, PipelineVariable
2026-05-20 14:55:41 | INFO | Usuario localizado com correspondencia exata de email.
2026-05-20 14:55:42 | ERROR | Erro ao importar usuarios. Detalhe: O e-mail informado nao possui um formato valido.
2026-05-20 14:55:58 | INFO | Sessao encerrada com 'Undo-PWLogin'.
