2026-05-25 17:39:49 | INFO | Aplicacao iniciada.
2026-05-25 17:39:49 | INFO | Tentando importar modulo do ProjectWise.
2026-05-25 17:39:49 | INFO | Modulo 'pwps_dab' importado com sucesso.
2026-05-25 17:39:49 | INFO | Tentando conectar ao datasource do ProjectWise.
2026-05-25 17:39:49 | INFO | Tentando conexao via 'New-PWLogin'. Parametros: DatasourceName, UserName, Password, UseGui, DoNotCreateWorkingDirectory, BentleyIMS, LoadWRE, NonAdminLogin, Token, Verbose, Debug, ErrorAction, WarningAction, InformationAction, ErrorVariable, WarningVariable, InformationVariable, OutVariable, OutBuffer, PipelineVariable
2026-05-25 17:40:06 | INFO | Conexao realizada via 'New-PWLogin -BentleyIMS'.
2026-05-25 17:40:06 | INFO | Conexao com ProjectWise realizada com sucesso.
2026-05-25 17:40:18 | INFO | Buscando usuario pelo email: kaylane.silva@ecovias.com.br
2026-05-25 17:40:18 | INFO | Parametros encontrados no cmdlet: UserName, UserId, SecProvider, Email, Identity, Disabled, Enabled, LastLogin, LoginInfo, Verbose, Debug, ErrorAction, WarningAction, InformationAction, ErrorVariable, WarningVariable, InformationVariable, OutVariable, OutBuffer, PipelineVariable
2026-05-25 17:40:18 | INFO | Usuario localizado com correspondencia exata de email.
2026-05-25 17:40:21 | INFO | Listando pastas da raiz por Root.
2026-05-25 17:40:22 | INFO | Listando filhos da pasta ID: 56
2026-05-25 17:40:27 | INFO | Listando filhos da pasta ID: 759
2026-05-25 17:40:27 | INFO | Listando filhos da pasta ID: 933
2026-05-25 17:40:36 | INFO | Iniciando leitura da seguranca do projeto '105 - Estação Elevatória km 64' (ID: 358826)
2026-05-25 17:40:37 | INFO | Get-PWFolderSecurity retornou 14 item(ns).
2026-05-25 17:40:37 | INFO | Get-PWFolderTreeAccessObjects retornou 1 item(ns).
2026-05-25 17:40:37 | WARN | Cmdlet Get-PWProjectSecurity nao encontrado no ambiente. A leitura seguira apenas com FolderSecurity/TreeAccessObjects.
2026-05-25 17:40:37 | INFO | Total consolidado de acessos encontrados: 13
2026-05-25 17:40:37 | INFO | Projeto '105 - Estação Elevatória - km 64 - SP-150' carregado para arvore. Groups=11 | UserLists=1 | Outros=1
2026-05-25 17:40:37 | INFO | Iniciando leitura da seguranca do projeto '126-Iluminação' (ID: 395240)
2026-05-25 17:40:37 | INFO | Get-PWFolderSecurity retornou 14 item(ns).
2026-05-25 17:40:37 | INFO | Get-PWFolderTreeAccessObjects retornou 1 item(ns).
2026-05-25 17:40:37 | WARN | Cmdlet Get-PWProjectSecurity nao encontrado no ambiente. A leitura seguira apenas com FolderSecurity/TreeAccessObjects.
2026-05-25 17:40:37 | INFO | Total consolidado de acessos encontrados: 13
2026-05-25 17:40:37 | INFO | Projeto '126 - Iluminação km 0 - 8 SPA- 248-055 km 0 ao 8' carregado para arvore. Groups=11 | UserLists=1 | Outros=1
2026-05-25 17:40:37 | INFO | Iniciando leitura da seguranca do projeto '132 - Curva do S - Adequação Viária Dispositivo' (ID: 296000)
2026-05-25 17:40:38 | INFO | Get-PWFolderSecurity retornou 14 item(ns).
2026-05-25 17:40:38 | INFO | Get-PWFolderTreeAccessObjects retornou 1 item(ns).
2026-05-25 17:40:38 | WARN | Cmdlet Get-PWProjectSecurity nao encontrado no ambiente. A leitura seguira apenas com FolderSecurity/TreeAccessObjects.
2026-05-25 17:40:38 | INFO | Total consolidado de acessos encontrados: 13
2026-05-25 17:40:38 | INFO | Projeto '132 - Curva do S - Dispositivos - Km 291 - SP-055' carregado para arvore. Groups=11 | UserLists=1 | Outros=1
2026-05-25 17:40:38 | INFO | Iniciando leitura da seguranca do projeto '133-Marginal Hidro-3ªPista' (ID: 398253)
2026-05-25 17:40:38 | INFO | Get-PWFolderSecurity retornou 14 item(ns).
2026-05-25 17:40:38 | INFO | Get-PWFolderTreeAccessObjects retornou 1 item(ns).
2026-05-25 17:40:38 | WARN | Cmdlet Get-PWProjectSecurity nao encontrado no ambiente. A leitura seguira apenas com FolderSecurity/TreeAccessObjects.
2026-05-25 17:40:38 | INFO | Total consolidado de acessos encontrados: 13
2026-05-25 17:40:38 | INFO | Projeto '133-Marg. Hidromar-3ª Pista-km 264 ao 265-SP-055' carregado para arvore. Groups=11 | UserLists=1 | Outros=1
2026-05-25 17:40:38 | INFO | Iniciando leitura da seguranca do projeto '137 - Curva 1 - km 41+700' (ID: 358892)
2026-05-25 17:40:39 | INFO | Get-PWFolderSecurity retornou 14 item(ns).
2026-05-25 17:40:39 | INFO | Get-PWFolderTreeAccessObjects retornou 1 item(ns).
2026-05-25 17:40:39 | WARN | Cmdlet Get-PWProjectSecurity nao encontrado no ambiente. A leitura seguira apenas com FolderSecurity/TreeAccessObjects.
2026-05-25 17:40:39 | INFO | Total consolidado de acessos encontrados: 13
2026-05-25 17:40:39 | INFO | Projeto '137 - Curva 1 - km 41+700 - SP-150' carregado para arvore. Groups=11 | UserLists=1 | Outros=1
2026-05-25 17:40:39 | INFO | Iniciando leitura da seguranca do projeto '137 - Curva 2 - km 44+580' (ID: 358925)
2026-05-25 17:40:39 | INFO | Get-PWFolderSecurity retornou 14 item(ns).
2026-05-25 17:40:39 | INFO | Get-PWFolderTreeAccessObjects retornou 1 item(ns).
2026-05-25 17:40:40 | WARN | Cmdlet Get-PWProjectSecurity nao encontrado no ambiente. A leitura seguira apenas com FolderSecurity/TreeAccessObjects.
2026-05-25 17:40:40 | INFO | Total consolidado de acessos encontrados: 13
2026-05-25 17:40:40 | INFO | Projeto '137 - Curva 2 - km 44+580 - SP-150' carregado para arvore. Groups=11 | UserLists=1 | Outros=1
2026-05-25 17:40:40 | INFO | Iniciando leitura da seguranca do projeto '137 - Curva 3 - km 46+920' (ID: 358958)
2026-05-25 17:40:40 | INFO | Get-PWFolderSecurity retornou 14 item(ns).
2026-05-25 17:40:40 | INFO | Get-PWFolderTreeAccessObjects retornou 1 item(ns).
2026-05-25 17:40:40 | WARN | Cmdlet Get-PWProjectSecurity nao encontrado no ambiente. A leitura seguira apenas com FolderSecurity/TreeAccessObjects.
2026-05-25 17:40:40 | INFO | Total consolidado de acessos encontrados: 13
2026-05-25 17:40:40 | INFO | Projeto '137 - Curva 3 - km 46+920 - SP-150' carregado para arvore. Groups=11 | UserLists=1 | Outros=1
2026-05-25 17:40:40 | INFO | Iniciando leitura da seguranca do projeto '137 - Curva 4 - km 44+410' (ID: 358991)
2026-05-25 17:40:41 | INFO | Get-PWFolderSecurity retornou 14 item(ns).
2026-05-25 17:40:41 | INFO | Get-PWFolderTreeAccessObjects retornou 1 item(ns).
2026-05-25 17:40:41 | WARN | Cmdlet Get-PWProjectSecurity nao encontrado no ambiente. A leitura seguira apenas com FolderSecurity/TreeAccessObjects.
2026-05-25 17:40:41 | INFO | Total consolidado de acessos encontrados: 13
2026-05-25 17:40:41 | INFO | Projeto '137 - Curva 4 - km 44+410 - SP-150' carregado para arvore. Groups=11 | UserLists=1 | Outros=1
2026-05-25 17:40:41 | INFO | Iniciando leitura da seguranca do projeto '137 - Curva 5 - km 43+260' (ID: 359024)
2026-05-25 17:40:41 | INFO | Get-PWFolderSecurity retornou 14 item(ns).
2026-05-25 17:40:41 | INFO | Get-PWFolderTreeAccessObjects retornou 1 item(ns).
2026-05-25 17:40:41 | WARN | Cmdlet Get-PWProjectSecurity nao encontrado no ambiente. A leitura seguira apenas com FolderSecurity/TreeAccessObjects.
2026-05-25 17:40:41 | INFO | Total consolidado de acessos encontrados: 13
2026-05-25 17:40:41 | INFO | Projeto '137 - Curva 5 - km 43+260 - SP-150' carregado para arvore. Groups=11 | UserLists=1 | Outros=1
2026-05-25 17:40:41 | INFO | Iniciando leitura da seguranca do projeto '137 - Curva 6 - km 41+730' (ID: 359057)
2026-05-25 17:40:42 | INFO | Get-PWFolderSecurity retornou 14 item(ns).
2026-05-25 17:40:42 | INFO | Get-PWFolderTreeAccessObjects retornou 1 item(ns).
2026-05-25 17:40:42 | WARN | Cmdlet Get-PWProjectSecurity nao encontrado no ambiente. A leitura seguira apenas com FolderSecurity/TreeAccessObjects.
2026-05-25 17:40:42 | INFO | Total consolidado de acessos encontrados: 13
2026-05-25 17:40:42 | INFO | Projeto '137 - Curva 6 - km 41+730 - SP-150' carregado para arvore. Groups=11 | UserLists=1 | Outros=1
2026-05-25 17:40:42 | INFO | Iniciando leitura da seguranca do projeto '140  - ANPC - Dispositivos' (ID: 102795)
2026-05-25 17:40:42 | INFO | Get-PWFolderSecurity retornou 14 item(ns).
2026-05-25 17:40:42 | INFO | Get-PWFolderTreeAccessObjects retornou 1 item(ns).
2026-05-25 17:40:42 | WARN | Cmdlet Get-PWProjectSecurity nao encontrado no ambiente. A leitura seguira apenas com FolderSecurity/TreeAccessObjects.
2026-05-25 17:40:42 | INFO | Total consolidado de acessos encontrados: 13
2026-05-25 17:40:42 | INFO | Projeto '140 - ANPC - Dispositivo 1 - km 16 - SP-150' carregado para arvore. Groups=11 | UserLists=1 | Outros=1
2026-05-25 17:40:43 | INFO | Iniciando leitura da seguranca do projeto '140 - ANPC - Disp 3' (ID: 345859)
2026-05-25 17:40:43 | INFO | Get-PWFolderSecurity retornou 14 item(ns).
2026-05-25 17:40:43 | INFO | Get-PWFolderTreeAccessObjects retornou 1 item(ns).
2026-05-25 17:40:43 | WARN | Cmdlet Get-PWProjectSecurity nao encontrado no ambiente. A leitura seguira apenas com FolderSecurity/TreeAccessObjects.
2026-05-25 17:40:43 | INFO | Total consolidado de acessos encontrados: 13
2026-05-25 17:40:43 | INFO | Projeto '140 - ANPC - Dispositivo 2 - km 18 - SP-150' carregado para arvore. Groups=11 | UserLists=1 | Outros=1
2026-05-25 17:40:43 | INFO | Iniciando leitura da seguranca do projeto '140 - ANPC - Dispositivo de Segurança' (ID: 299988)
2026-05-25 17:40:44 | INFO | Get-PWFolderSecurity retornou 14 item(ns).
2026-05-25 17:40:44 | INFO | Get-PWFolderTreeAccessObjects retornou 1 item(ns).
2026-05-25 17:40:44 | WARN | Cmdlet Get-PWProjectSecurity nao encontrado no ambiente. A leitura seguira apenas com FolderSecurity/TreeAccessObjects.
2026-05-25 17:40:44 | INFO | Total consolidado de acessos encontrados: 13
2026-05-25 17:40:44 | INFO | Projeto 'ANPC - Dispositivo de Segurança 1 - Km 12 - 24 - SP-160' carregado para arvore. Groups=11 | UserLists=1 | Outros=1
2026-05-25 17:40:44 | INFO | Iniciando leitura da seguranca do projeto '140 - ANPC - Iluminação e EPS-SP-160' (ID: 298379)
2026-05-25 17:40:44 | INFO | Get-PWFolderSecurity retornou 14 item(ns).
2026-05-25 17:40:44 | INFO | Get-PWFolderTreeAccessObjects retornou 1 item(ns).
2026-05-25 17:40:44 | WARN | Cmdlet Get-PWProjectSecurity nao encontrado no ambiente. A leitura seguira apenas com FolderSecurity/TreeAccessObjects.
2026-05-25 17:40:44 | INFO | Total consolidado de acessos encontrados: 13
2026-05-25 17:40:44 | INFO | Projeto '140 - ANPC - Iluminação e EPS - km 12 - 24 - SP-160' carregado para arvore. Groups=11 | UserLists=1 | Outros=1
2026-05-25 17:40:44 | INFO | Iniciando leitura da seguranca do projeto '147-FIP-Novo Acesso Porto' (ID: 394974)
2026-05-25 17:40:45 | INFO | Get-PWFolderSecurity retornou 14 item(ns).
2026-05-25 17:40:45 | INFO | Get-PWFolderTreeAccessObjects retornou 1 item(ns).
2026-05-25 17:40:45 | WARN | Cmdlet Get-PWProjectSecurity nao encontrado no ambiente. A leitura seguira apenas com FolderSecurity/TreeAccessObjects.
2026-05-25 17:40:45 | INFO | Total consolidado de acessos encontrados: 13
2026-05-25 17:40:45 | INFO | Projeto '147 - Porto de Santos  - FIPS km 64 - SP - 150' carregado para arvore. Groups=11 | UserLists=1 | Outros=1
2026-05-25 17:40:45 | INFO | Iniciando leitura da seguranca do projeto 'Acesso Reprinco km 22' (ID: 358859)
2026-05-25 17:40:45 | INFO | Get-PWFolderSecurity retornou 14 item(ns).
2026-05-25 17:40:45 | INFO | Get-PWFolderTreeAccessObjects retornou 1 item(ns).
2026-05-25 17:40:45 | WARN | Cmdlet Get-PWProjectSecurity nao encontrado no ambiente. A leitura seguira apenas com FolderSecurity/TreeAccessObjects.
2026-05-25 17:40:45 | INFO | Total consolidado de acessos encontrados: 13
2026-05-25 17:40:45 | INFO | Projeto 'Acesso Reprinco - km 22 - SP-150' carregado para arvore. Groups=11 | UserLists=1 | Outros=1
2026-05-25 17:40:45 | INFO | Iniciando leitura da seguranca do projeto 'ADC Sul' (ID: 343227)
2026-05-25 17:40:46 | INFO | Get-PWFolderSecurity retornou 14 item(ns).
2026-05-25 17:40:46 | INFO | Get-PWFolderTreeAccessObjects retornou 1 item(ns).
2026-05-25 17:40:46 | WARN | Cmdlet Get-PWProjectSecurity nao encontrado no ambiente. A leitura seguira apenas com FolderSecurity/TreeAccessObjects.
2026-05-25 17:40:46 | INFO | Total consolidado de acessos encontrados: 13
2026-05-25 17:40:46 | INFO | Projeto 'ADC - km 40,8 Sul - SP-160' carregado para arvore. Groups=11 | UserLists=1 | Outros=1
2026-05-25 17:40:46 | INFO | Iniciando leitura da seguranca do projeto 'Alemoa 3ª Faixa' (ID: 359090)
2026-05-25 17:40:46 | INFO | Get-PWFolderSecurity retornou 14 item(ns).
2026-05-25 17:40:47 | INFO | Get-PWFolderTreeAccessObjects retornou 1 item(ns).
2026-05-25 17:40:47 | WARN | Cmdlet Get-PWProjectSecurity nao encontrado no ambiente. A leitura seguira apenas com FolderSecurity/TreeAccessObjects.
2026-05-25 17:40:47 | INFO | Total consolidado de acessos encontrados: 13
2026-05-25 17:40:47 | INFO | Projeto 'Ligação Alemoa 3ª Faixa - km 59+000 - 61+000 - SP-150' carregado para arvore. Groups=11 | UserLists=1 | Outros=1
2026-05-25 17:40:47 | INFO | Iniciando leitura da seguranca do projeto 'Alemoa Dispositivo' (ID: 359189)
2026-05-25 17:40:47 | INFO | Get-PWFolderSecurity retornou 14 item(ns).
2026-05-25 17:40:47 | INFO | Get-PWFolderTreeAccessObjects retornou 1 item(ns).
2026-05-25 17:40:47 | WARN | Cmdlet Get-PWProjectSecurity nao encontrado no ambiente. A leitura seguira apenas com FolderSecurity/TreeAccessObjects.
2026-05-25 17:40:47 | INFO | Total consolidado de acessos encontrados: 13
2026-05-25 17:40:47 | INFO | Projeto 'Ligação Alemoa Dispositivo - km 61+000 - SP-150' carregado para arvore. Groups=11 | UserLists=1 | Outros=1
2026-05-25 17:40:47 | INFO | Iniciando leitura da seguranca do projeto 'Alemoa Passarela' (ID: 359156)
2026-05-25 17:40:48 | INFO | Get-PWFolderSecurity retornou 14 item(ns).
2026-05-25 17:40:48 | INFO | Get-PWFolderTreeAccessObjects retornou 1 item(ns).
2026-05-25 17:40:48 | WARN | Cmdlet Get-PWProjectSecurity nao encontrado no ambiente. A leitura seguira apenas com FolderSecurity/TreeAccessObjects.
2026-05-25 17:40:48 | INFO | Total consolidado de acessos encontrados: 13
2026-05-25 17:40:48 | INFO | Projeto 'Ligação Alemoa Passarela - km 60+520 - SP-150' carregado para arvore. Groups=11 | UserLists=1 | Outros=1
2026-05-25 17:40:48 | INFO | Iniciando leitura da seguranca do projeto 'Alemoa Rotatória' (ID: 359123)
2026-05-25 17:40:48 | INFO | Get-PWFolderSecurity retornou 14 item(ns).
2026-05-25 17:40:48 | INFO | Get-PWFolderTreeAccessObjects retornou 1 item(ns).
2026-05-25 17:40:48 | WARN | Cmdlet Get-PWProjectSecurity nao encontrado no ambiente. A leitura seguira apenas com FolderSecurity/TreeAccessObjects.
2026-05-25 17:40:48 | INFO | Total consolidado de acessos encontrados: 13
2026-05-25 17:40:48 | INFO | Projeto 'Ligação Alemoa Rotatória - km 62+000 - SP-150' carregado para arvore. Groups=11 | UserLists=1 | Outros=1
2026-05-25 17:40:48 | INFO | Iniciando leitura da seguranca do projeto 'ANPC - Área de Escape' (ID: 356474)
2026-05-25 17:40:49 | INFO | Get-PWFolderSecurity retornou 14 item(ns).
2026-05-25 17:40:49 | INFO | Get-PWFolderTreeAccessObjects retornou 1 item(ns).
2026-05-25 17:40:49 | WARN | Cmdlet Get-PWProjectSecurity nao encontrado no ambiente. A leitura seguira apenas com FolderSecurity/TreeAccessObjects.
2026-05-25 17:40:49 | INFO | Total consolidado de acessos encontrados: 13
2026-05-25 17:40:49 | INFO | Projeto 'ANPC - Área de Escape - km 45+46 - SP-150' carregado para arvore. Groups=11 | UserLists=1 | Outros=1
2026-05-25 17:40:49 | INFO | Iniciando leitura da seguranca do projeto 'ANPC - BSO (Com SAU)' (ID: 356507)
2026-05-25 17:40:50 | INFO | Get-PWFolderSecurity retornou 14 item(ns).
2026-05-25 17:40:50 | INFO | Get-PWFolderTreeAccessObjects retornou 1 item(ns).
2026-05-25 17:40:50 | WARN | Cmdlet Get-PWProjectSecurity nao encontrado no ambiente. A leitura seguira apenas com FolderSecurity/TreeAccessObjects.
2026-05-25 17:40:50 | INFO | Total consolidado de acessos encontrados: 13
2026-05-25 17:40:50 | INFO | Projeto 'ANPC - BSO (Com SAU) - km 47+750 - SP-150' carregado para arvore. Groups=11 | UserLists=1 | Outros=1
2026-05-25 17:40:50 | INFO | Iniciando leitura da seguranca do projeto 'Ciclovia Baixada Santista' (ID: 100224)
2026-05-25 17:40:50 | INFO | Get-PWFolderSecurity retornou 14 item(ns).
2026-05-25 17:40:50 | INFO | Get-PWFolderTreeAccessObjects retornou 1 item(ns).
2026-05-25 17:40:50 | WARN | Cmdlet Get-PWProjectSecurity nao encontrado no ambiente. A leitura seguira apenas com FolderSecurity/TreeAccessObjects.
2026-05-25 17:40:50 | INFO | Total consolidado de acessos encontrados: 13
2026-05-25 17:40:50 | INFO | Projeto 'Ciclovia Trecho 1 - km 59 - 65 - SP-160' carregado para arvore. Groups=11 | UserLists=1 | Outros=1
2026-05-25 17:40:50 | INFO | Iniciando leitura da seguranca do projeto 'Ciclovia Norte' (ID: 342816)
2026-05-25 17:40:51 | INFO | Get-PWFolderSecurity retornou 14 item(ns).
2026-05-25 17:40:51 | INFO | Get-PWFolderTreeAccessObjects retornou 1 item(ns).
2026-05-25 17:40:51 | WARN | Cmdlet Get-PWProjectSecurity nao encontrado no ambiente. A leitura seguira apenas com FolderSecurity/TreeAccessObjects.
2026-05-25 17:40:51 | INFO | Total consolidado de acessos encontrados: 13
2026-05-25 17:40:51 | INFO | Projeto 'Ciclovia - km 41,8 - 44,5 Norte - SP-160' carregado para arvore. Groups=11 | UserLists=1 | Outros=1
2026-05-25 17:40:51 | INFO | Iniciando leitura da seguranca do projeto 'Ciclovia Trecho 2' (ID: 347096)
2026-05-25 17:40:51 | INFO | Get-PWFolderSecurity retornou 14 item(ns).
2026-05-25 17:40:51 | INFO | Get-PWFolderTreeAccessObjects retornou 1 item(ns).
2026-05-25 17:40:51 | WARN | Cmdlet Get-PWProjectSecurity nao encontrado no ambiente. A leitura seguira apenas com FolderSecurity/TreeAccessObjects.
2026-05-25 17:40:51 | INFO | Total consolidado de acessos encontrados: 13
2026-05-25 17:40:51 | INFO | Projeto 'Ciclovia Trecho 2 - km 56 - 60 - SP-150' carregado para arvore. Groups=11 | UserLists=1 | Outros=1
2026-05-25 17:40:51 | INFO | Iniciando leitura da seguranca do projeto 'Ciclovia Trecho 3' (ID: 347507)
2026-05-25 17:40:52 | INFO | Get-PWFolderSecurity retornou 14 item(ns).
2026-05-25 17:40:52 | INFO | Get-PWFolderTreeAccessObjects retornou 1 item(ns).
2026-05-25 17:40:52 | WARN | Cmdlet Get-PWProjectSecurity nao encontrado no ambiente. A leitura seguira apenas com FolderSecurity/TreeAccessObjects.
2026-05-25 17:40:52 | INFO | Total consolidado de acessos encontrados: 13
2026-05-25 17:40:52 | INFO | Projeto 'Ciclovia Trecho 3 - km 0 - 2 - SPI-059' carregado para arvore. Groups=11 | UserLists=1 | Outros=1
2026-05-25 17:40:52 | INFO | Iniciando leitura da seguranca do projeto 'Corpo de Bombeiro' (ID: 359222)
2026-05-25 17:40:53 | INFO | Get-PWFolderSecurity retornou 14 item(ns).
2026-05-25 17:40:53 | INFO | Get-PWFolderTreeAccessObjects retornou 1 item(ns).
2026-05-25 17:40:53 | WARN | Cmdlet Get-PWProjectSecurity nao encontrado no ambiente. A leitura seguira apenas com FolderSecurity/TreeAccessObjects.
2026-05-25 17:40:53 | INFO | Total consolidado de acessos encontrados: 13
2026-05-25 17:40:53 | INFO | Projeto 'Ligação Planalto - Baixada - Corpo de Bombeiro - SP-160' carregado para arvore. Groups=11 | UserLists=1 | Outros=1
2026-05-25 17:40:53 | INFO | Iniciando leitura da seguranca do projeto 'Correção 6 Curvas' (ID: 101056)
2026-05-25 17:40:53 | INFO | Get-PWFolderSecurity retornou 14 item(ns).
2026-05-25 17:40:54 | INFO | Get-PWFolderTreeAccessObjects retornou 1 item(ns).
2026-05-25 17:40:54 | WARN | Cmdlet Get-PWProjectSecurity nao encontrado no ambiente. A leitura seguira apenas com FolderSecurity/TreeAccessObjects.
2026-05-25 17:40:54 | INFO | Total consolidado de acessos encontrados: 13
2026-05-25 17:40:54 | INFO | Projeto 'Correção 6 Curvas Trecho Serra- km 40 - 54 - SP-150' carregado para arvore. Groups=11 | UserLists=1 | Outros=1
2026-05-25 17:40:54 | INFO | Iniciando leitura da seguranca do projeto 'Estação de bombeamento' (ID: 345282)
2026-05-25 17:40:54 | INFO | Get-PWFolderSecurity retornou 14 item(ns).
2026-05-25 17:40:54 | INFO | Get-PWFolderTreeAccessObjects retornou 1 item(ns).
2026-05-25 17:40:54 | WARN | Cmdlet Get-PWProjectSecurity nao encontrado no ambiente. A leitura seguira apenas com FolderSecurity/TreeAccessObjects.
2026-05-25 17:40:54 | INFO | Total consolidado de acessos encontrados: 13
2026-05-25 17:40:54 | INFO | Projeto 'Estação de bombeamento - km 42+43 - SP-160' carregado para arvore. Groups=11 | UserLists=1 | Outros=1
2026-05-25 17:40:54 | INFO | Iniciando leitura da seguranca do projeto 'Gabarito Vertical km 12' (ID: 98356)
2026-05-25 17:40:55 | INFO | Get-PWFolderSecurity retornou 13 item(ns).
2026-05-25 17:40:55 | INFO | Get-PWFolderTreeAccessObjects retornou 1 item(ns).
2026-05-25 17:40:55 | WARN | Cmdlet Get-PWProjectSecurity nao encontrado no ambiente. A leitura seguira apenas com FolderSecurity/TreeAccessObjects.
2026-05-25 17:40:55 | INFO | Total consolidado de acessos encontrados: 12
2026-05-25 17:40:55 | INFO | Projeto 'Gabarito Vertical -  km 12 - SP-160' carregado para arvore. Groups=11 | UserLists=0 | Outros=1
2026-05-25 17:40:55 | INFO | Iniciando leitura da seguranca do projeto 'HS-WIM Leste' (ID: 344460)
2026-05-25 17:40:55 | INFO | Get-PWFolderSecurity retornou 14 item(ns).
2026-05-25 17:40:55 | INFO | Get-PWFolderTreeAccessObjects retornou 1 item(ns).
2026-05-25 17:40:55 | WARN | Cmdlet Get-PWProjectSecurity nao encontrado no ambiente. A leitura seguira apenas com FolderSecurity/TreeAccessObjects.
2026-05-25 17:40:55 | INFO | Total consolidado de acessos encontrados: 13
2026-05-25 17:40:55 | INFO | Projeto 'HS-WIM - km 265,50 Leste - SP-160' carregado para arvore. Groups=11 | UserLists=1 | Outros=1
2026-05-25 17:40:55 | INFO | Iniciando leitura da seguranca do projeto 'HS-WIM Oeste' (ID: 344871)
2026-05-25 17:40:56 | INFO | Get-PWFolderSecurity retornou 14 item(ns).
2026-05-25 17:40:56 | INFO | Get-PWFolderTreeAccessObjects retornou 1 item(ns).
2026-05-25 17:40:56 | WARN | Cmdlet Get-PWProjectSecurity nao encontrado no ambiente. A leitura seguira apenas com FolderSecurity/TreeAccessObjects.
2026-05-25 17:40:56 | INFO | Total consolidado de acessos encontrados: 13
2026-05-25 17:40:56 | INFO | Projeto 'HS-WIM - km 264,50 Oeste - SP-160' carregado para arvore. Groups=11 | UserLists=1 | Outros=1
2026-05-25 17:40:56 | INFO | Iniciando leitura da seguranca do projeto 'Ligação Alemoa' (ID: 98767)
2026-05-25 17:40:56 | INFO | Get-PWFolderSecurity retornou 4 item(ns).
2026-05-25 17:40:56 | INFO | Get-PWFolderTreeAccessObjects retornou 1 item(ns).
2026-05-25 17:40:56 | WARN | Cmdlet Get-PWProjectSecurity nao encontrado no ambiente. A leitura seguira apenas com FolderSecurity/TreeAccessObjects.
2026-05-25 17:40:56 | INFO | Total consolidado de acessos encontrados: 3
2026-05-25 17:40:56 | WARN | Projeto 'Ligação Alemoa - km 64 - SP-150' retornou apenas 2 group(s) pela API. Tentando fallback por nome...
2026-05-25 17:40:56 | INFO | Cache de grupos carregado via Get-PWGroups: 4735 item(ns).
2026-05-25 17:41:06 | WARN | Fallback por nome nao encontrou groups para projeto 'Ligação Alemoa - km 64 - SP-150'. Apelidos usados: ligacao alemoa - km 64 - sp-150 | ligacao alemoa - km 64 | ligacao alemoa km 64 | ligacao alemoa
2026-05-25 17:41:06 | INFO | Projeto 'Ligação Alemoa - km 64 - SP-150' carregado para arvore. Groups=2 | UserLists=0 | Outros=1
2026-05-25 17:41:06 | INFO | Iniciando leitura da seguranca do projeto 'Ligação Planalto - Baixada' (ID: 49632)
2026-05-25 17:41:07 | INFO | Get-PWFolderSecurity retornou 14 item(ns).
2026-05-25 17:41:07 | INFO | Get-PWFolderTreeAccessObjects retornou 1 item(ns).
2026-05-25 17:41:07 | WARN | Cmdlet Get-PWProjectSecurity nao encontrado no ambiente. A leitura seguira apenas com FolderSecurity/TreeAccessObjects.
2026-05-25 17:41:07 | INFO | Total consolidado de acessos encontrados: 13
2026-05-25 17:41:07 | INFO | Projeto 'Ligação Planalto - Baixada - SP-160' carregado para arvore. Groups=11 | UserLists=1 | Outros=1
2026-05-25 17:41:07 | INFO | Iniciando leitura da seguranca do projeto 'Marginal Hidromar' (ID: 334483)
2026-05-25 17:41:07 | INFO | Get-PWFolderSecurity retornou 14 item(ns).
2026-05-25 17:41:07 | INFO | Get-PWFolderTreeAccessObjects retornou 1 item(ns).
2026-05-25 17:41:07 | WARN | Cmdlet Get-PWProjectSecurity nao encontrado no ambiente. A leitura seguira apenas com FolderSecurity/TreeAccessObjects.
2026-05-25 17:41:07 | INFO | Total consolidado de acessos encontrados: 13
2026-05-25 17:41:07 | INFO | Projeto 'Marginal Hidromar - Km 263 + 268 - SP-055' carregado para arvore. Groups=11 | UserLists=1 | Outros=1
2026-05-25 17:41:07 | INFO | Iniciando leitura da seguranca do projeto 'PMRv + Retorno' (ID: 344049)
2026-05-25 17:41:08 | INFO | Get-PWFolderSecurity retornou 14 item(ns).
2026-05-25 17:41:08 | INFO | Get-PWFolderTreeAccessObjects retornou 1 item(ns).
2026-05-25 17:41:08 | WARN | Cmdlet Get-PWProjectSecurity nao encontrado no ambiente. A leitura seguira apenas com FolderSecurity/TreeAccessObjects.
2026-05-25 17:41:08 | INFO | Total consolidado de acessos encontrados: 13
2026-05-25 17:41:08 | INFO | Projeto 'PMRv + Retorno - km 43,25 Sul - SP-160' carregado para arvore. Groups=11 | UserLists=1 | Outros=1
2026-05-25 17:41:08 | INFO | Iniciando leitura da seguranca do projeto 'Porto de Santos - FIPS' (ID: 99322)
2026-05-25 17:41:08 | INFO | Get-PWFolderSecurity retornou 4 item(ns).
2026-05-25 17:41:08 | INFO | Get-PWFolderTreeAccessObjects retornou 1 item(ns).
2026-05-25 17:41:08 | WARN | Cmdlet Get-PWProjectSecurity nao encontrado no ambiente. A leitura seguira apenas com FolderSecurity/TreeAccessObjects.
2026-05-25 17:41:08 | INFO | Total consolidado de acessos encontrados: 3
2026-05-25 17:41:08 | WARN | Projeto 'Porto de Santos - FIPS - km 64 - SP-150' retornou apenas 2 group(s) pela API. Tentando fallback por nome...
2026-05-25 17:41:16 | WARN | Fallback por nome nao encontrou groups para projeto 'Porto de Santos - FIPS - km 64 - SP-150'. Apelidos usados: porto de santos - fips - km 64 - sp-150 | porto de santos - fips | porto de santos fips
2026-05-25 17:41:16 | INFO | Projeto 'Porto de Santos - FIPS - km 64 - SP-150' carregado para arvore. Groups=2 | UserLists=0 | Outros=1
2026-05-25 17:41:16 | INFO | Iniciando leitura da seguranca do projeto 'SAU Sul' (ID: 343638)
2026-05-25 17:41:16 | INFO | Get-PWFolderSecurity retornou 14 item(ns).
2026-05-25 17:41:17 | INFO | Get-PWFolderTreeAccessObjects retornou 1 item(ns).
2026-05-25 17:41:17 | WARN | Cmdlet Get-PWProjectSecurity nao encontrado no ambiente. A leitura seguira apenas com FolderSecurity/TreeAccessObjects.
2026-05-25 17:41:17 | INFO | Total consolidado de acessos encontrados: 13
2026-05-25 17:41:17 | INFO | Projeto 'SAU - km 40,8 Sul - SP-160' carregado para arvore. Groups=11 | UserLists=1 | Outros=1
2026-05-25 17:41:17 | INFO | Iniciando leitura da seguranca do projeto 'TA-001 - AVCB Túneis' (ID: 355902)
2026-05-25 17:41:17 | INFO | Get-PWFolderSecurity retornou 14 item(ns).
2026-05-25 17:41:17 | INFO | Get-PWFolderTreeAccessObjects retornou 1 item(ns).
2026-05-25 17:41:17 | WARN | Cmdlet Get-PWProjectSecurity nao encontrado no ambiente. A leitura seguira apenas com FolderSecurity/TreeAccessObjects.
2026-05-25 17:41:17 | INFO | Total consolidado de acessos encontrados: 13
2026-05-25 17:41:17 | INFO | Projeto 'TA-01 - AVCB Túneis -SCI - Km 46+410 - SP-160' carregado para arvore. Groups=11 | UserLists=1 | Outros=1
2026-05-25 17:41:17 | INFO | Iniciando leitura da seguranca do projeto 'TA-002 - AVCB Túneis' (ID: 355935)
2026-05-25 17:41:18 | INFO | Get-PWFolderSecurity retornou 14 item(ns).
2026-05-25 17:41:18 | INFO | Get-PWFolderTreeAccessObjects retornou 1 item(ns).
2026-05-25 17:41:18 | WARN | Cmdlet Get-PWProjectSecurity nao encontrado no ambiente. A leitura seguira apenas com FolderSecurity/TreeAccessObjects.
2026-05-25 17:41:18 | INFO | Total consolidado de acessos encontrados: 13
2026-05-25 17:41:18 | INFO | Projeto 'TA-02 - AVCB Túneis -SCI - Km 46+893 - SP-160' carregado para arvore. Groups=11 | UserLists=1 | Outros=1
2026-05-25 17:41:18 | INFO | Iniciando leitura da seguranca do projeto 'TA-01 - AVCB Túneis' (ID: 355373)
2026-05-25 17:41:18 | INFO | Get-PWFolderSecurity retornou 14 item(ns).
2026-05-25 17:41:18 | INFO | Get-PWFolderTreeAccessObjects retornou 1 item(ns).
2026-05-25 17:41:18 | WARN | Cmdlet Get-PWProjectSecurity nao encontrado no ambiente. A leitura seguira apenas com FolderSecurity/TreeAccessObjects.
2026-05-25 17:41:18 | INFO | Total consolidado de acessos encontrados: 13
2026-05-25 17:41:18 | INFO | Projeto 'TA-01 - AVCB Túneis -SCI - Km 45+468 - SP-150' carregado para arvore. Groups=11 | UserLists=1 | Outros=1
2026-05-25 17:41:18 | INFO | Iniciando leitura da seguranca do projeto 'TA-02 - AVCB Túneis' (ID: 355406)
2026-05-25 17:41:19 | INFO | Get-PWFolderSecurity retornou 14 item(ns).
2026-05-25 17:41:19 | INFO | Get-PWFolderTreeAccessObjects retornou 1 item(ns).
2026-05-25 17:41:19 | WARN | Cmdlet Get-PWProjectSecurity nao encontrado no ambiente. A leitura seguira apenas com FolderSecurity/TreeAccessObjects.
2026-05-25 17:41:19 | INFO | Total consolidado de acessos encontrados: 13
2026-05-25 17:41:19 | INFO | Projeto 'TA-02 - AVCB Túneis -SCI - Km 46+462 - SP-150' carregado para arvore. Groups=11 | UserLists=1 | Outros=1
2026-05-25 17:41:19 | INFO | Iniciando leitura da seguranca do projeto 'TA-03 - AVCB Túneis' (ID: 355836)
2026-05-25 17:41:19 | INFO | Get-PWFolderSecurity retornou 14 item(ns).
2026-05-25 17:41:19 | INFO | Get-PWFolderTreeAccessObjects retornou 1 item(ns).
2026-05-25 17:41:19 | WARN | Cmdlet Get-PWProjectSecurity nao encontrado no ambiente. A leitura seguira apenas com FolderSecurity/TreeAccessObjects.
2026-05-25 17:41:19 | INFO | Total consolidado de acessos encontrados: 13
2026-05-25 17:41:19 | INFO | Projeto 'TA-03 - AVCB Túneis -SCI - Km 47+828 - SP-150' carregado para arvore. Groups=11 | UserLists=1 | Outros=1
2026-05-25 17:41:19 | INFO | Iniciando leitura da seguranca do projeto 'TA-04 - AVCB Túneis' (ID: 355439)
2026-05-25 17:41:20 | INFO | Get-PWFolderSecurity retornou 14 item(ns).
2026-05-25 17:41:20 | INFO | Get-PWFolderTreeAccessObjects retornou 1 item(ns).
2026-05-25 17:41:20 | WARN | Cmdlet Get-PWProjectSecurity nao encontrado no ambiente. A leitura seguira apenas com FolderSecurity/TreeAccessObjects.
2026-05-25 17:41:20 | INFO | Total consolidado de acessos encontrados: 13
2026-05-25 17:41:20 | INFO | Projeto 'TA-04 - AVCB Túneis -SCI - Km 47+793 - SP-160' carregado para arvore. Groups=11 | UserLists=1 | Outros=1
2026-05-25 17:41:20 | INFO | Iniciando leitura da seguranca do projeto 'TA-05 - AVCB Túneis' (ID: 355472)
2026-05-25 17:41:21 | INFO | Get-PWFolderSecurity retornou 14 item(ns).
2026-05-25 17:41:21 | INFO | Get-PWFolderTreeAccessObjects retornou 1 item(ns).
2026-05-25 17:41:21 | WARN | Cmdlet Get-PWProjectSecurity nao encontrado no ambiente. A leitura seguira apenas com FolderSecurity/TreeAccessObjects.
2026-05-25 17:41:21 | INFO | Total consolidado de acessos encontrados: 13
2026-05-25 17:41:21 | INFO | Projeto 'TA-05 - AVCB Túneis -SCI - Km 48+366 - SP-160' carregado para arvore. Groups=11 | UserLists=1 | Outros=1
2026-05-25 17:41:21 | INFO | Iniciando leitura da seguranca do projeto 'TA-06 - AVCB Túneis' (ID: 355505)
2026-05-25 17:41:21 | INFO | Get-PWFolderSecurity retornou 14 item(ns).
2026-05-25 17:41:21 | INFO | Get-PWFolderTreeAccessObjects retornou 1 item(ns).
2026-05-25 17:41:21 | WARN | Cmdlet Get-PWProjectSecurity nao encontrado no ambiente. A leitura seguira apenas com FolderSecurity/TreeAccessObjects.
2026-05-25 17:41:21 | INFO | Total consolidado de acessos encontrados: 13
2026-05-25 17:41:21 | INFO | Projeto 'TA-06 - AVCB Túneis -SCI - Km 48+816 - SP-160' carregado para arvore. Groups=11 | UserLists=1 | Outros=1
2026-05-25 17:41:21 | INFO | Iniciando leitura da seguranca do projeto 'TA-07 - AVCB Túneis' (ID: 355538)
2026-05-25 17:41:22 | INFO | Get-PWFolderSecurity retornou 14 item(ns).
2026-05-25 17:41:22 | INFO | Get-PWFolderTreeAccessObjects retornou 1 item(ns).
2026-05-25 17:41:22 | WARN | Cmdlet Get-PWProjectSecurity nao encontrado no ambiente. A leitura seguira apenas com FolderSecurity/TreeAccessObjects.
2026-05-25 17:41:22 | INFO | Total consolidado de acessos encontrados: 13
2026-05-25 17:41:22 | INFO | Projeto 'TA-07 - AVCB Túneis -SCI - Km 49+336 - SP-160' carregado para arvore. Groups=11 | UserLists=1 | Outros=1
2026-05-25 17:41:22 | INFO | Iniciando leitura da seguranca do projeto 'TA-09 - AVCB Túneis' (ID: 355571)
2026-05-25 17:41:23 | INFO | Get-PWFolderSecurity retornou 14 item(ns).
2026-05-25 17:41:23 | INFO | Get-PWFolderTreeAccessObjects retornou 1 item(ns).
2026-05-25 17:41:23 | WARN | Cmdlet Get-PWProjectSecurity nao encontrado no ambiente. A leitura seguira apenas com FolderSecurity/TreeAccessObjects.
2026-05-25 17:41:23 | INFO | Total consolidado de acessos encontrados: 13
2026-05-25 17:41:23 | INFO | Projeto 'TA-09 - AVCB Túneis -SCI - Km 50+473 - SP-160' carregado para arvore. Groups=11 | UserLists=1 | Outros=1
2026-05-25 17:41:23 | INFO | Iniciando leitura da seguranca do projeto 'TA-10/11 - AVCB Túneis' (ID: 355604)
2026-05-25 17:41:24 | INFO | Get-PWFolderSecurity retornou 14 item(ns).
2026-05-25 17:41:24 | INFO | Get-PWFolderTreeAccessObjects retornou 1 item(ns).
2026-05-25 17:41:24 | WARN | Cmdlet Get-PWProjectSecurity nao encontrado no ambiente. A leitura seguira apenas com FolderSecurity/TreeAccessObjects.
2026-05-25 17:41:24 | INFO | Total consolidado de acessos encontrados: 13
2026-05-25 17:41:24 | INFO | Projeto 'TA-10/11 - AVCB Túneis -SCI - Km 51+495 - SP-160' carregado para arvore. Groups=11 | UserLists=1 | Outros=1
2026-05-25 17:41:24 | INFO | Iniciando leitura da seguranca do projeto 'TA-12 - AVCB Túneis' (ID: 355637)
2026-05-25 17:41:25 | INFO | Get-PWFolderSecurity retornou 14 item(ns).
2026-05-25 17:41:26 | INFO | Get-PWFolderTreeAccessObjects retornou 1 item(ns).
2026-05-25 17:41:26 | WARN | Cmdlet Get-PWProjectSecurity nao encontrado no ambiente. A leitura seguira apenas com FolderSecurity/TreeAccessObjects.
2026-05-25 17:41:26 | INFO | Total consolidado de acessos encontrados: 13
2026-05-25 17:41:26 | INFO | Projeto 'TA-12 - AVCB Túneis -SCI - Km 52+842 - SP-160' carregado para arvore. Groups=11 | UserLists=1 | Outros=1
2026-05-25 17:41:26 | INFO | Iniciando leitura da seguranca do projeto 'TA-13 - AVCB Túneis' (ID: 355671)
2026-05-25 17:41:27 | INFO | Get-PWFolderSecurity retornou 14 item(ns).
2026-05-25 17:41:27 | INFO | Get-PWFolderTreeAccessObjects retornou 1 item(ns).
2026-05-25 17:41:27 | WARN | Cmdlet Get-PWProjectSecurity nao encontrado no ambiente. A leitura seguira apenas com FolderSecurity/TreeAccessObjects.
2026-05-25 17:41:27 | INFO | Total consolidado de acessos encontrados: 13
2026-05-25 17:41:27 | INFO | Projeto 'TA-13 - AVCB Túneis -SCI - Km 53+511 - SP-160' carregado para arvore. Groups=11 | UserLists=1 | Outros=1
2026-05-25 17:41:27 | INFO | Iniciando leitura da seguranca do projeto 'TA-14 - AVCB Túneis' (ID: 355704)
2026-05-25 17:41:28 | INFO | Get-PWFolderSecurity retornou 14 item(ns).
2026-05-25 17:41:29 | INFO | Get-PWFolderTreeAccessObjects retornou 1 item(ns).
2026-05-25 17:41:29 | WARN | Cmdlet Get-PWProjectSecurity nao encontrado no ambiente. A leitura seguira apenas com FolderSecurity/TreeAccessObjects.
2026-05-25 17:41:29 | INFO | Total consolidado de acessos encontrados: 13
2026-05-25 17:41:29 | INFO | Projeto 'TA-14 - AVCB Túneis -SCI - Km 54+339 - SP-160' carregado para arvore. Groups=11 | UserLists=1 | Outros=1
2026-05-25 17:41:29 | INFO | Iniciando leitura da seguranca do projeto 'TD-00 - AVCB Túneis' (ID: 368109)
2026-05-25 17:41:32 | INFO | Get-PWFolderSecurity retornou 14 item(ns).
2026-05-25 17:41:32 | INFO | Get-PWFolderTreeAccessObjects retornou 1 item(ns).
2026-05-25 17:41:32 | WARN | Cmdlet Get-PWProjectSecurity nao encontrado no ambiente. A leitura seguira apenas com FolderSecurity/TreeAccessObjects.
2026-05-25 17:41:32 | INFO | Total consolidado de acessos encontrados: 13
2026-05-25 17:41:32 | INFO | Projeto 'TD-00 - AVCB Túneis - SCI - Km 47+383 - SP-160' carregado para arvore. Groups=11 | UserLists=1 | Outros=1
2026-05-25 17:41:32 | INFO | Iniciando leitura da seguranca do projeto 'TD-01 - AVCB' (ID: 368076)
2026-05-25 17:41:34 | INFO | Get-PWFolderSecurity retornou 14 item(ns).
2026-05-25 17:41:34 | INFO | Get-PWFolderTreeAccessObjects retornou 1 item(ns).
2026-05-25 17:41:34 | WARN | Cmdlet Get-PWProjectSecurity nao encontrado no ambiente. A leitura seguira apenas com FolderSecurity/TreeAccessObjects.
2026-05-25 17:41:34 | INFO | Total consolidado de acessos encontrados: 13
2026-05-25 17:41:34 | INFO | Projeto 'TD-01 - AVCB Túneis - SCI - Km 45+693 - SP-150' carregado para arvore. Groups=11 | UserLists=1 | Outros=1
2026-05-25 17:41:34 | INFO | Iniciando leitura da seguranca do projeto 'TD-01 - AVCB Túneis' (ID: 355770)
2026-05-25 17:41:35 | INFO | Get-PWFolderSecurity retornou 14 item(ns).
2026-05-25 17:41:35 | INFO | Get-PWFolderTreeAccessObjects retornou 1 item(ns).
2026-05-25 17:41:35 | WARN | Cmdlet Get-PWProjectSecurity nao encontrado no ambiente. A leitura seguira apenas com FolderSecurity/TreeAccessObjects.
2026-05-25 17:41:35 | INFO | Total consolidado de acessos encontrados: 13
2026-05-25 17:41:35 | INFO | Projeto 'TD-01 - AVCB Túneis -SCI - Km 47+383 - SP-160' carregado para arvore. Groups=11 | UserLists=1 | Outros=1
2026-05-25 17:41:35 | INFO | Iniciando leitura da seguranca do projeto 'TD-02 - AVCB Túneis' (ID: 355803)
2026-05-25 17:41:37 | INFO | Get-PWFolderSecurity retornou 14 item(ns).
2026-05-25 17:41:37 | INFO | Get-PWFolderTreeAccessObjects retornou 1 item(ns).
2026-05-25 17:41:37 | WARN | Cmdlet Get-PWProjectSecurity nao encontrado no ambiente. A leitura seguira apenas com FolderSecurity/TreeAccessObjects.
2026-05-25 17:41:37 | INFO | Total consolidado de acessos encontrados: 13
2026-05-25 17:41:37 | INFO | Projeto 'TD-02 - AVCB Túneis -SCI - Km 46+758 - SP-150' carregado para arvore. Groups=11 | UserLists=1 | Outros=1
2026-05-25 17:41:37 | INFO | Iniciando leitura da seguranca do projeto 'Túnel Quilombo' (ID: 355869)
2026-05-25 17:41:38 | INFO | Get-PWFolderSecurity retornou 14 item(ns).
2026-05-25 17:41:38 | INFO | Get-PWFolderTreeAccessObjects retornou 1 item(ns).
2026-05-25 17:41:38 | WARN | Cmdlet Get-PWProjectSecurity nao encontrado no ambiente. A leitura seguira apenas com FolderSecurity/TreeAccessObjects.
2026-05-25 17:41:38 | INFO | Total consolidado de acessos encontrados: 13
2026-05-25 17:41:38 | INFO | Projeto 'Túnel Quilombo - Km 252+980 - SP-055' carregado para arvore. Groups=11 | UserLists=1 | Outros=1
2026-05-25 17:41:49 | INFO | Listando pastas da raiz por Root.
2026-05-25 17:41:50 | INFO | Listando filhos da pasta ID: 56
2026-05-25 17:41:55 | INFO | Listando filhos da pasta ID: 297
2026-05-25 17:41:55 | INFO | Listando filhos da pasta ID: 586
2026-05-25 17:42:12 | INFO | Iniciando leitura da seguranca do projeto 'Acesso 3°Ano 321+900' (ID: 58230)
2026-05-25 17:42:12 | INFO | Get-PWFolderSecurity retornou 14 item(ns).
2026-05-25 17:42:12 | INFO | Get-PWFolderTreeAccessObjects retornou 1 item(ns).
2026-05-25 17:42:13 | WARN | Cmdlet Get-PWProjectSecurity nao encontrado no ambiente. A leitura seguira apenas com FolderSecurity/TreeAccessObjects.
2026-05-25 17:42:13 | INFO | Total consolidado de acessos encontrados: 13
2026-05-25 17:42:13 | INFO | Projeto 'Acesso 3° Ano - km 321+900 - BR153/GO' carregado para arvore. Groups=11 | UserLists=1 | Outros=1
2026-05-25 17:42:13 | INFO | Iniciando leitura da seguranca do projeto 'Acesso 3°Ano 355+900' (ID: 59011)
2026-05-25 17:42:13 | INFO | Get-PWFolderSecurity retornou 16 item(ns).
2026-05-25 17:42:13 | INFO | Get-PWFolderTreeAccessObjects retornou 1 item(ns).
2026-05-25 17:42:13 | WARN | Cmdlet Get-PWProjectSecurity nao encontrado no ambiente. A leitura seguira apenas com FolderSecurity/TreeAccessObjects.
2026-05-25 17:42:13 | INFO | Total consolidado de acessos encontrados: 14
2026-05-25 17:42:13 | INFO | Projeto 'Acesso 3° Ano - km 355+900 - BR153/GO' carregado para arvore. Groups=11 | UserLists=2 | Outros=1
2026-05-25 17:42:13 | INFO | Iniciando leitura da seguranca do projeto 'Acesso 3°Ano 375+800' (ID: 59792)
2026-05-25 17:42:14 | INFO | Get-PWFolderSecurity retornou 16 item(ns).
2026-05-25 17:42:14 | INFO | Get-PWFolderTreeAccessObjects retornou 1 item(ns).
2026-05-25 17:42:14 | WARN | Cmdlet Get-PWProjectSecurity nao encontrado no ambiente. A leitura seguira apenas com FolderSecurity/TreeAccessObjects.
2026-05-25 17:42:14 | INFO | Total consolidado de acessos encontrados: 14
2026-05-25 17:42:14 | INFO | Projeto 'Acesso 3° Ano - km 375+800 - BR414/GO' carregado para arvore. Groups=11 | UserLists=2 | Outros=1
2026-05-25 17:42:14 | INFO | Iniciando leitura da seguranca do projeto 'Acesso 3°Ano 397+050' (ID: 60573)
2026-05-25 17:42:14 | INFO | Get-PWFolderSecurity retornou 16 item(ns).
2026-05-25 17:42:14 | INFO | Get-PWFolderTreeAccessObjects retornou 1 item(ns).
2026-05-25 17:42:14 | WARN | Cmdlet Get-PWProjectSecurity nao encontrado no ambiente. A leitura seguira apenas com FolderSecurity/TreeAccessObjects.
2026-05-25 17:42:14 | INFO | Total consolidado de acessos encontrados: 14
2026-05-25 17:42:14 | INFO | Projeto 'Acesso 3° Ano - km 397+050 - BR153/GO' carregado para arvore. Groups=11 | UserLists=2 | Outros=1
2026-05-25 17:42:14 | INFO | Iniciando leitura da seguranca do projeto 'Acesso 4°Ano 274+950' (ID: 61354)
2026-05-25 17:42:15 | INFO | Get-PWFolderSecurity retornou 16 item(ns).
2026-05-25 17:42:15 | INFO | Get-PWFolderTreeAccessObjects retornou 1 item(ns).
2026-05-25 17:42:15 | WARN | Cmdlet Get-PWProjectSecurity nao encontrado no ambiente. A leitura seguira apenas com FolderSecurity/TreeAccessObjects.
2026-05-25 17:42:15 | INFO | Total consolidado de acessos encontrados: 14
2026-05-25 17:42:15 | INFO | Projeto 'Acesso 4° Ano - km 274+950 - BR153/GO' carregado para arvore. Groups=11 | UserLists=2 | Outros=1
2026-05-25 17:42:15 | INFO | Iniciando leitura da seguranca do projeto 'Acesso 4°Ano 303+820' (ID: 62135)
2026-05-25 17:42:16 | INFO | Get-PWFolderSecurity retornou 16 item(ns).
2026-05-25 17:42:16 | INFO | Get-PWFolderTreeAccessObjects retornou 1 item(ns).
2026-05-25 17:42:16 | WARN | Cmdlet Get-PWProjectSecurity nao encontrado no ambiente. A leitura seguira apenas com FolderSecurity/TreeAccessObjects.
2026-05-25 17:42:16 | INFO | Total consolidado de acessos encontrados: 14
2026-05-25 17:42:16 | INFO | Projeto 'Acesso 4° Ano - km 303+820 - BR153/GO' carregado para arvore. Groups=11 | UserLists=2 | Outros=1
2026-05-25 17:42:16 | INFO | Iniciando leitura da seguranca do projeto 'Acesso 5°Ano 188+210' (ID: 66822)
2026-05-25 17:42:16 | INFO | Get-PWFolderSecurity retornou 16 item(ns).
2026-05-25 17:42:16 | INFO | Get-PWFolderTreeAccessObjects retornou 1 item(ns).
2026-05-25 17:42:16 | WARN | Cmdlet Get-PWProjectSecurity nao encontrado no ambiente. A leitura seguira apenas com FolderSecurity/TreeAccessObjects.
2026-05-25 17:42:16 | INFO | Total consolidado de acessos encontrados: 14
2026-05-25 17:42:16 | INFO | Projeto 'Acesso 5° Ano - km 188+210 - BR153/GO' carregado para arvore. Groups=11 | UserLists=2 | Outros=1
2026-05-25 17:42:16 | INFO | Iniciando leitura da seguranca do projeto 'Acesso 5°Ano 188+550' (ID: 67603)
2026-05-25 17:42:17 | INFO | Get-PWFolderSecurity retornou 16 item(ns).
2026-05-25 17:42:17 | INFO | Get-PWFolderTreeAccessObjects retornou 1 item(ns).
2026-05-25 17:42:17 | WARN | Cmdlet Get-PWProjectSecurity nao encontrado no ambiente. A leitura seguira apenas com FolderSecurity/TreeAccessObjects.
2026-05-25 17:42:17 | INFO | Total consolidado de acessos encontrados: 14
2026-05-25 17:42:17 | INFO | Projeto 'Acesso 5° Ano - km 188+550 - BR153/GO' carregado para arvore. Groups=11 | UserLists=2 | Outros=1
2026-05-25 17:42:17 | INFO | Iniciando leitura da seguranca do projeto 'Acesso 5°Ano 265+320' (ID: 68384)
2026-05-25 17:42:17 | INFO | Get-PWFolderSecurity retornou 16 item(ns).
2026-05-25 17:42:17 | INFO | Get-PWFolderTreeAccessObjects retornou 1 item(ns).
2026-05-25 17:42:17 | WARN | Cmdlet Get-PWProjectSecurity nao encontrado no ambiente. A leitura seguira apenas com FolderSecurity/TreeAccessObjects.
2026-05-25 17:42:17 | INFO | Total consolidado de acessos encontrados: 14
2026-05-25 17:42:17 | INFO | Projeto 'Acesso 5° Ano - km 265+320 - BR153/GO' carregado para arvore. Groups=11 | UserLists=2 | Outros=1
2026-05-25 17:42:17 | INFO | Iniciando leitura da seguranca do projeto 'Acesso 6°Ano 158+630' (ID: 237749)
2026-05-25 17:42:18 | INFO | Get-PWFolderSecurity retornou 16 item(ns).
2026-05-25 17:42:18 | INFO | Get-PWFolderTreeAccessObjects retornou 1 item(ns).
2026-05-25 17:42:18 | WARN | Cmdlet Get-PWProjectSecurity nao encontrado no ambiente. A leitura seguira apenas com FolderSecurity/TreeAccessObjects.
2026-05-25 17:42:18 | INFO | Total consolidado de acessos encontrados: 14
2026-05-25 17:42:18 | INFO | Projeto 'Acesso 6° Ano - km 158+630 - BR153/GO' carregado para arvore. Groups=11 | UserLists=2 | Outros=1
2026-05-25 17:42:18 | INFO | Iniciando leitura da seguranca do projeto 'Acesso 6°Ano 693+000' (ID: 71509)
2026-05-25 17:42:19 | INFO | Get-PWFolderSecurity retornou 16 item(ns).
2026-05-25 17:42:19 | INFO | Get-PWFolderTreeAccessObjects retornou 1 item(ns).
2026-05-25 17:42:19 | WARN | Cmdlet Get-PWProjectSecurity nao encontrado no ambiente. A leitura seguira apenas com FolderSecurity/TreeAccessObjects.
2026-05-25 17:42:19 | INFO | Total consolidado de acessos encontrados: 14
2026-05-25 17:42:19 | INFO | Projeto 'Acesso 6° Ano - km 693+000 - BR153/TO' carregado para arvore. Groups=11 | UserLists=2 | Outros=1
2026-05-25 17:42:19 | INFO | Iniciando leitura da seguranca do projeto 'Acesso 7°Ano 124+420' (ID: 239311)
2026-05-25 17:42:19 | INFO | Get-PWFolderSecurity retornou 16 item(ns).
2026-05-25 17:42:19 | INFO | Get-PWFolderTreeAccessObjects retornou 1 item(ns).
2026-05-25 17:42:19 | WARN | Cmdlet Get-PWProjectSecurity nao encontrado no ambiente. A leitura seguira apenas com FolderSecurity/TreeAccessObjects.
2026-05-25 17:42:19 | INFO | Total consolidado de acessos encontrados: 14
2026-05-25 17:42:19 | INFO | Projeto 'Acesso 7° Ano - km 124+420 - BR153/GO' carregado para arvore. Groups=11 | UserLists=2 | Outros=1
2026-05-25 17:42:19 | INFO | Iniciando leitura da seguranca do projeto 'Acesso 7°Ano 141+870' (ID: 240092)
2026-05-25 17:42:20 | INFO | Get-PWFolderSecurity retornou 16 item(ns).
2026-05-25 17:42:20 | INFO | Get-PWFolderTreeAccessObjects retornou 1 item(ns).
2026-05-25 17:42:20 | WARN | Cmdlet Get-PWProjectSecurity nao encontrado no ambiente. A leitura seguira apenas com FolderSecurity/TreeAccessObjects.
2026-05-25 17:42:20 | INFO | Total consolidado de acessos encontrados: 14
2026-05-25 17:42:20 | INFO | Projeto 'Acesso 7° Ano - km 141+870 - BR153/GO' carregado para arvore. Groups=11 | UserLists=2 | Outros=1
2026-05-25 17:42:20 | INFO | Iniciando leitura da seguranca do projeto 'Acesso 7°Ano 91+280' (ID: 238530)
2026-05-25 17:42:20 | INFO | Get-PWFolderSecurity retornou 16 item(ns).
2026-05-25 17:42:21 | INFO | Get-PWFolderTreeAccessObjects retornou 1 item(ns).
2026-05-25 17:42:21 | WARN | Cmdlet Get-PWProjectSecurity nao encontrado no ambiente. A leitura seguira apenas com FolderSecurity/TreeAccessObjects.
2026-05-25 17:42:21 | INFO | Total consolidado de acessos encontrados: 14
2026-05-25 17:42:21 | INFO | Projeto 'Acesso 7° Ano - km 91+280 - BR153/GO' carregado para arvore. Groups=11 | UserLists=2 | Outros=1
2026-05-25 17:42:21 | INFO | Iniciando leitura da seguranca do projeto 'Acesso 8°Ano 31+50' (ID: 240874)
2026-05-25 17:42:21 | INFO | Get-PWFolderSecurity retornou 16 item(ns).
2026-05-25 17:42:21 | INFO | Get-PWFolderTreeAccessObjects retornou 1 item(ns).
2026-05-25 17:42:21 | WARN | Cmdlet Get-PWProjectSecurity nao encontrado no ambiente. A leitura seguira apenas com FolderSecurity/TreeAccessObjects.
2026-05-25 17:42:21 | INFO | Total consolidado de acessos encontrados: 14
2026-05-25 17:42:21 | INFO | Projeto 'Acesso 8° Ano - km 31+50 - BR153/GO' carregado para arvore. Groups=11 | UserLists=2 | Outros=1
2026-05-25 17:42:21 | INFO | Iniciando leitura da seguranca do projeto 'Acesso 8°Ano 72+48' (ID: 241681)
2026-05-25 17:42:22 | INFO | Get-PWFolderSecurity retornou 16 item(ns).
2026-05-25 17:42:22 | INFO | Get-PWFolderTreeAccessObjects retornou 1 item(ns).
2026-05-25 17:42:22 | WARN | Cmdlet Get-PWProjectSecurity nao encontrado no ambiente. A leitura seguira apenas com FolderSecurity/TreeAccessObjects.
2026-05-25 17:42:22 | INFO | Total consolidado de acessos encontrados: 14
2026-05-25 17:42:22 | INFO | Projeto 'Acesso 8° Ano - km 72+48 - BR153/GO' carregado para arvore. Groups=11 | UserLists=2 | Outros=1
2026-05-25 17:42:22 | INFO | Iniciando leitura da seguranca do projeto 'Acesso km 35 - BR414/GO' (ID: 298790)
2026-05-25 17:42:22 | INFO | Get-PWFolderSecurity retornou 16 item(ns).
2026-05-25 17:42:22 | INFO | Get-PWFolderTreeAccessObjects retornou 1 item(ns).
2026-05-25 17:42:22 | WARN | Cmdlet Get-PWProjectSecurity nao encontrado no ambiente. A leitura seguira apenas com FolderSecurity/TreeAccessObjects.
2026-05-25 17:42:22 | INFO | Total consolidado de acessos encontrados: 14
2026-05-25 17:42:22 | INFO | Projeto 'Acesso km 435+000 - BR414/GO' carregado para arvore. Groups=11 | UserLists=2 | Outros=1
2026-05-25 17:42:22 | INFO | Iniciando leitura da seguranca do projeto 'Adequação Faixa BR-080' (ID: 210381)
2026-05-25 17:42:23 | INFO | Get-PWFolderSecurity retornou 16 item(ns).
2026-05-25 17:42:23 | INFO | Get-PWFolderTreeAccessObjects retornou 1 item(ns).
2026-05-25 17:42:23 | WARN | Cmdlet Get-PWProjectSecurity nao encontrado no ambiente. A leitura seguira apenas com FolderSecurity/TreeAccessObjects.
2026-05-25 17:42:23 | INFO | Total consolidado de acessos encontrados: 14
2026-05-25 17:42:23 | INFO | Projeto 'Adequação Largura de Faixa Existente 8° Ano - BR080/GO' carregado para arvore. Groups=11 | UserLists=2 | Outros=1
2026-05-25 17:42:23 | INFO | Iniciando leitura da seguranca do projeto 'Adequação Faixa BR-414' (ID: 209600)
2026-05-25 17:42:24 | INFO | Get-PWFolderSecurity retornou 16 item(ns).
2026-05-25 17:42:24 | INFO | Get-PWFolderTreeAccessObjects retornou 1 item(ns).
2026-05-25 17:42:24 | WARN | Cmdlet Get-PWProjectSecurity nao encontrado no ambiente. A leitura seguira apenas com FolderSecurity/TreeAccessObjects.
2026-05-25 17:42:24 | INFO | Total consolidado de acessos encontrados: 14
2026-05-25 17:42:24 | INFO | Projeto 'Adequação Largura de Faixa Existente 8° Ano - BR414/GO' carregado para arvore. Groups=11 | UserLists=2 | Outros=1
2026-05-25 17:42:24 | INFO | Iniciando leitura da seguranca do projeto 'Agulha 11' (ID: 330034)
2026-05-25 17:42:24 | INFO | Get-PWFolderSecurity retornou 16 item(ns).
2026-05-25 17:42:24 | INFO | Get-PWFolderTreeAccessObjects retornou 1 item(ns).
2026-05-25 17:42:24 | WARN | Cmdlet Get-PWProjectSecurity nao encontrado no ambiente. A leitura seguira apenas com FolderSecurity/TreeAccessObjects.
2026-05-25 17:42:24 | INFO | Total consolidado de acessos encontrados: 14
2026-05-25 17:42:24 | INFO | Projeto 'Agulha 11 - km 672+200 - BR153/TO' carregado para arvore. Groups=11 | UserLists=2 | Outros=1
2026-05-25 17:42:24 | INFO | Iniciando leitura da seguranca do projeto 'Agulha 12, 14 e 15' (ID: 331602)
2026-05-25 17:42:25 | INFO | Get-PWFolderSecurity retornou 16 item(ns).
2026-05-25 17:42:25 | INFO | Get-PWFolderTreeAccessObjects retornou 1 item(ns).
2026-05-25 17:42:25 | WARN | Cmdlet Get-PWProjectSecurity nao encontrado no ambiente. A leitura seguira apenas com FolderSecurity/TreeAccessObjects.
2026-05-25 17:42:25 | INFO | Total consolidado de acessos encontrados: 14
2026-05-25 17:42:25 | INFO | Projeto 'Agulha 12, 14 e 15 - km 671+672 - BR153/TO' carregado para arvore. Groups=11 | UserLists=2 | Outros=1
2026-05-25 17:42:25 | INFO | Iniciando leitura da seguranca do projeto 'Agulha 13' (ID: 330821)
2026-05-25 17:42:26 | INFO | Get-PWFolderSecurity retornou 16 item(ns).
2026-05-25 17:42:26 | INFO | Get-PWFolderTreeAccessObjects retornou 1 item(ns).
2026-05-25 17:42:26 | WARN | Cmdlet Get-PWProjectSecurity nao encontrado no ambiente. A leitura seguira apenas com FolderSecurity/TreeAccessObjects.
2026-05-25 17:42:26 | INFO | Total consolidado de acessos encontrados: 14
2026-05-25 17:42:26 | INFO | Projeto 'Agulha 13 - km 675+400 - BR153/TO' carregado para arvore. Groups=11 | UserLists=2 | Outros=1
2026-05-25 17:42:26 | INFO | Iniciando leitura da seguranca do projeto 'Alças Viadutos km 432+441' (ID: 211162)
2026-05-25 17:42:26 | INFO | Get-PWFolderSecurity retornou 16 item(ns).
2026-05-25 17:42:26 | INFO | Get-PWFolderTreeAccessObjects retornou 1 item(ns).
2026-05-25 17:42:26 | WARN | Cmdlet Get-PWProjectSecurity nao encontrado no ambiente. A leitura seguira apenas com FolderSecurity/TreeAccessObjects.
2026-05-25 17:42:26 | INFO | Total consolidado de acessos encontrados: 14
2026-05-25 17:42:26 | INFO | Projeto 'Alças Viadutos - km 432+441 - BR153/GO' carregado para arvore. Groups=11 | UserLists=2 | Outros=1
2026-05-25 17:42:26 | INFO | Iniciando leitura da seguranca do projeto 'Ampliações 10°Ano SH 10' (ID: 236186)
2026-05-25 17:42:27 | INFO | Get-PWFolderSecurity retornou 16 item(ns).
2026-05-25 17:42:27 | INFO | Get-PWFolderTreeAccessObjects retornou 1 item(ns).
2026-05-25 17:42:27 | WARN | Cmdlet Get-PWProjectSecurity nao encontrado no ambiente. A leitura seguira apenas com FolderSecurity/TreeAccessObjects.
2026-05-25 17:42:27 | INFO | Total consolidado de acessos encontrados: 14
2026-05-25 17:42:27 | INFO | Projeto 'Ampliações 10° Ano SH 10 - km 71+08 - 107+120 - BR153/GO' carregado para arvore. Groups=11 | UserLists=2 | Outros=1
2026-05-25 17:42:27 | INFO | Iniciando leitura da seguranca do projeto 'Ampliações 10°Ano SH 12' (ID: 236967)
2026-05-25 17:42:27 | INFO | Get-PWFolderSecurity retornou 16 item(ns).
2026-05-25 17:42:27 | INFO | Get-PWFolderTreeAccessObjects retornou 1 item(ns).
2026-05-25 17:42:27 | WARN | Cmdlet Get-PWProjectSecurity nao encontrado no ambiente. A leitura seguira apenas com FolderSecurity/TreeAccessObjects.
2026-05-25 17:42:27 | INFO | Total consolidado de acessos encontrados: 14
2026-05-25 17:42:27 | INFO | Projeto 'Ampliações 10° Ano SH 12 -  km 124+420 - 141+850 - BR153/GO' carregado para arvore. Groups=11 | UserLists=2 | Outros=1
2026-05-25 17:42:27 | INFO | Iniciando leitura da seguranca do projeto 'Ampliações 20°Ano SH 1' (ID: 75414)
2026-05-25 17:42:28 | INFO | Get-PWFolderSecurity retornou 16 item(ns).
2026-05-25 17:42:28 | INFO | Get-PWFolderTreeAccessObjects retornou 1 item(ns).
2026-05-25 17:42:28 | WARN | Cmdlet Get-PWProjectSecurity nao encontrado no ambiente. A leitura seguira apenas com FolderSecurity/TreeAccessObjects.
2026-05-25 17:42:28 | INFO | Total consolidado de acessos encontrados: 14
2026-05-25 17:42:28 | INFO | Projeto 'Ampliações 20° Ano SH 1 - km 624+300 - 663+000 - BR153/TO' carregado para arvore. Groups=11 | UserLists=2 | Outros=1
2026-05-25 17:42:28 | INFO | Iniciando leitura da seguranca do projeto 'Ampliações 23°Ano SH 6' (ID: 74633)
2026-05-25 17:42:29 | INFO | Get-PWFolderSecurity retornou 16 item(ns).
2026-05-25 17:42:29 | INFO | Get-PWFolderTreeAccessObjects retornou 1 item(ns).
2026-05-25 17:42:29 | WARN | Cmdlet Get-PWProjectSecurity nao encontrado no ambiente. A leitura seguira apenas com FolderSecurity/TreeAccessObjects.
2026-05-25 17:42:29 | INFO | Total consolidado de acessos encontrados: 14
2026-05-25 17:42:29 | INFO | Projeto 'Ampliações 23° Ano SH 6 - km 800+000 - 802+531 - BR153/TO' carregado para arvore. Groups=11 | UserLists=2 | Outros=1
2026-05-25 17:42:29 | INFO | Iniciando leitura da seguranca do projeto 'Ampliações 3° Ano SH 1' (ID: 306343)
2026-05-25 17:42:29 | INFO | Get-PWFolderSecurity retornou 16 item(ns).
2026-05-25 17:42:29 | INFO | Get-PWFolderTreeAccessObjects retornou 1 item(ns).
2026-05-25 17:42:29 | WARN | Cmdlet Get-PWProjectSecurity nao encontrado no ambiente. A leitura seguira apenas com FolderSecurity/TreeAccessObjects.
2026-05-25 17:42:29 | INFO | Total consolidado de acessos encontrados: 14
2026-05-25 17:42:29 | INFO | Projeto 'Ampliações 3° Ano SH 1* - km 622+700 - 624+300 - BR153/TO' carregado para arvore. Groups=11 | UserLists=2 | Outros=1
2026-05-25 17:42:29 | INFO | Iniciando leitura da seguranca do projeto 'Ampliações 3°Ano SH 1,5' (ID: 76195)
2026-05-25 17:42:30 | INFO | Get-PWFolderSecurity retornou 16 item(ns).
2026-05-25 17:42:30 | INFO | Get-PWFolderTreeAccessObjects retornou 1 item(ns).
2026-05-25 17:42:30 | WARN | Cmdlet Get-PWProjectSecurity nao encontrado no ambiente. A leitura seguira apenas com FolderSecurity/TreeAccessObjects.
2026-05-25 17:42:30 | INFO | Total consolidado de acessos encontrados: 14
2026-05-25 17:42:30 | INFO | Projeto 'Ampliações 3° Ano SH 1,5 - km 663+000 - 671+190 - BR153/TO' carregado para arvore. Groups=11 | UserLists=2 | Outros=1
2026-05-25 17:42:30 | INFO | Iniciando leitura da seguranca do projeto 'Ampliações 3°Ano SH 2*' (ID: 100581)
2026-05-25 17:42:30 | INFO | Get-PWFolderSecurity retornou 16 item(ns).
2026-05-25 17:42:30 | INFO | Get-PWFolderTreeAccessObjects retornou 1 item(ns).
2026-05-25 17:42:30 | WARN | Cmdlet Get-PWProjectSecurity nao encontrado no ambiente. A leitura seguira apenas com FolderSecurity/TreeAccessObjects.
2026-05-25 17:42:30 | INFO | Total consolidado de acessos encontrados: 14
2026-05-25 17:42:30 | INFO | Projeto 'Ampliações 3° Ano SH 2* - km 671+190 - 677+000 - BR153/TO' carregado para arvore. Groups=11 | UserLists=2 | Outros=1
2026-05-25 17:42:30 | INFO | Iniciando leitura da seguranca do projeto 'Ampliações 4°Ano SH 14' (ID: 63697)
2026-05-25 17:42:31 | INFO | Get-PWFolderSecurity retornou 16 item(ns).
2026-05-25 17:42:31 | INFO | Get-PWFolderTreeAccessObjects retornou 1 item(ns).
2026-05-25 17:42:31 | WARN | Cmdlet Get-PWProjectSecurity nao encontrado no ambiente. A leitura seguira apenas com FolderSecurity/TreeAccessObjects.
2026-05-25 17:42:31 | INFO | Total consolidado de acessos encontrados: 14
2026-05-25 17:42:31 | INFO | Projeto 'Ampliações 4° Ano SH 14 - km 176+030 - 199+430 - BR153/GO' carregado para arvore. Groups=11 | UserLists=2 | Outros=1
2026-05-25 17:42:31 | INFO | Iniciando leitura da seguranca do projeto 'Ampliações 4°Ano SH 20 e 21' (ID: 64479)
2026-05-25 17:42:32 | INFO | Get-PWFolderSecurity retornou 16 item(ns).
2026-05-25 17:42:32 | INFO | Get-PWFolderTreeAccessObjects retornou 1 item(ns).
2026-05-25 17:42:32 | WARN | Cmdlet Get-PWProjectSecurity nao encontrado no ambiente. A leitura seguira apenas com FolderSecurity/TreeAccessObjects.
2026-05-25 17:42:32 | INFO | Total consolidado de acessos encontrados: 14
2026-05-25 17:42:32 | INFO | Projeto 'Ampliações 4° Ano SH 20 e 21 - km 288+500 - 319+240 - BR153/GO' carregado para arvore. Groups=11 | UserLists=2 | Outros=1
2026-05-25 17:42:32 | INFO | Iniciando leitura da seguranca do projeto 'Ampliações 4°Ano SH 3* e 4*' (ID: 65260)
2026-05-25 17:42:32 | INFO | Get-PWFolderSecurity retornou 16 item(ns).
2026-05-25 17:42:32 | INFO | Get-PWFolderTreeAccessObjects retornou 1 item(ns).
2026-05-25 17:42:32 | WARN | Cmdlet Get-PWProjectSecurity nao encontrado no ambiente. A leitura seguira apenas com FolderSecurity/TreeAccessObjects.
2026-05-25 17:42:32 | INFO | Total consolidado de acessos encontrados: 14
2026-05-25 17:42:32 | INFO | Projeto 'Ampliações 4°Ano SH 3* e 4*- km 720+800 - 724+000 - BR153/TO' carregado para arvore. Groups=11 | UserLists=2 | Outros=1
2026-05-25 17:42:32 | INFO | Iniciando leitura da seguranca do projeto 'Ampliações 4°Ano SH 4*' (ID: 66041)
2026-05-25 17:42:33 | INFO | Get-PWFolderSecurity retornou 17 item(ns).
2026-05-25 17:42:33 | INFO | Get-PWFolderTreeAccessObjects retornou 1 item(ns).
2026-05-25 17:42:33 | WARN | Cmdlet Get-PWProjectSecurity nao encontrado no ambiente. A leitura seguira apenas com FolderSecurity/TreeAccessObjects.
2026-05-25 17:42:33 | INFO | Total consolidado de acessos encontrados: 15
2026-05-25 17:42:33 | INFO | Projeto 'Ampliações 4°Ano SH 4* - km 721+905 - 760+644 - BR153/TO' carregado para arvore. Groups=11 | UserLists=3 | Outros=1
2026-05-25 17:42:33 | INFO | Iniciando leitura da seguranca do projeto 'Ampliações 4°Ano SH 5* e 6*' (ID: 62916)
2026-05-25 17:42:33 | INFO | Get-PWFolderSecurity retornou 16 item(ns).
2026-05-25 17:42:33 | INFO | Get-PWFolderTreeAccessObjects retornou 1 item(ns).
2026-05-25 17:42:33 | WARN | Cmdlet Get-PWProjectSecurity nao encontrado no ambiente. A leitura seguira apenas com FolderSecurity/TreeAccessObjects.
2026-05-25 17:42:33 | INFO | Total consolidado de acessos encontrados: 14
2026-05-25 17:42:34 | INFO | Projeto 'Ampliações 4° Ano SH 5* e 6* - km 797+300 - 800+000 - BR153/TO' carregado para arvore. Groups=11 | UserLists=2 | Outros=1
2026-05-25 17:42:34 | INFO | Iniciando leitura da seguranca do projeto 'Ampliações 5°Ano SH 18 e 19' (ID: 69165)
2026-05-25 17:42:34 | INFO | Get-PWFolderSecurity retornou 16 item(ns).
2026-05-25 17:42:34 | INFO | Get-PWFolderTreeAccessObjects retornou 1 item(ns).
2026-05-25 17:42:34 | WARN | Cmdlet Get-PWProjectSecurity nao encontrado no ambiente. A leitura seguira apenas com FolderSecurity/TreeAccessObjects.
2026-05-25 17:42:34 | INFO | Total consolidado de acessos encontrados: 14
2026-05-25 17:42:34 | INFO | Projeto 'Ampliações 5°Ano SH 18 e 19 - km 274+940 - 288+500 - BR153/GO' carregado para arvore. Groups=11 | UserLists=2 | Outros=1
2026-05-25 17:42:34 | INFO | Iniciando leitura da seguranca do projeto 'Ampliações 5°Ano SH 2' (ID: 69946)
2026-05-25 17:42:35 | INFO | Get-PWFolderSecurity retornou 16 item(ns).
2026-05-25 17:42:35 | INFO | Get-PWFolderTreeAccessObjects retornou 1 item(ns).
2026-05-25 17:42:35 | WARN | Cmdlet Get-PWProjectSecurity nao encontrado no ambiente. A leitura seguira apenas com FolderSecurity/TreeAccessObjects.
2026-05-25 17:42:35 | INFO | Total consolidado de acessos encontrados: 14
2026-05-25 17:42:35 | INFO | Projeto 'Ampliações 5°Ano SH 2 - km 677+000 - 701+900 - BR153/TO' carregado para arvore. Groups=11 | UserLists=2 | Outros=1
2026-05-25 17:42:35 | INFO | Iniciando leitura da seguranca do projeto 'Ampliações 5°Ano SH 22' (ID: 70727)
2026-05-25 17:42:35 | INFO | Get-PWFolderSecurity retornou 16 item(ns).
2026-05-25 17:42:35 | INFO | Get-PWFolderTreeAccessObjects retornou 1 item(ns).
2026-05-25 17:42:35 | WARN | Cmdlet Get-PWProjectSecurity nao encontrado no ambiente. A leitura seguira apenas com FolderSecurity/TreeAccessObjects.
2026-05-25 17:42:35 | INFO | Total consolidado de acessos encontrados: 14
2026-05-25 17:42:35 | INFO | Projeto 'Ampliações 5°Ano SH 22 - km 319+240 - 321+850 - BR153/GO' carregado para arvore. Groups=11 | UserLists=2 | Outros=1
2026-05-25 17:42:35 | INFO | Iniciando leitura da seguranca do projeto 'Ampliações 6°Ano SH 16 e 17' (ID: 72290)
2026-05-25 17:42:36 | INFO | Get-PWFolderSecurity retornou 16 item(ns).
2026-05-25 17:42:36 | INFO | Get-PWFolderTreeAccessObjects retornou 1 item(ns).
2026-05-25 17:42:36 | WARN | Cmdlet Get-PWProjectSecurity nao encontrado no ambiente. A leitura seguira apenas com FolderSecurity/TreeAccessObjects.
2026-05-25 17:42:36 | INFO | Total consolidado de acessos encontrados: 14
2026-05-25 17:42:36 | INFO | Projeto 'Ampliações 6° Ano SH 16 e 17 - km 212+450 - 274+940 - BR153/GO' carregado para arvore. Groups=11 | UserLists=2 | Outros=1
2026-05-25 17:42:36 | INFO | Iniciando leitura da seguranca do projeto 'Ampliações 6°Ano SH 23' (ID: 73071)
2026-05-25 17:42:36 | INFO | Get-PWFolderSecurity retornou 16 item(ns).
2026-05-25 17:42:36 | INFO | Get-PWFolderTreeAccessObjects retornou 1 item(ns).
2026-05-25 17:42:36 | WARN | Cmdlet Get-PWProjectSecurity nao encontrado no ambiente. A leitura seguira apenas com FolderSecurity/TreeAccessObjects.
2026-05-25 17:42:36 | INFO | Total consolidado de acessos encontrados: 14
2026-05-25 17:42:36 | INFO | Projeto 'Ampliações 6° Ano SH 23 - km 321+850 - 357+290 - BR153/GO' carregado para arvore. Groups=11 | UserLists=2 | Outros=1
2026-05-25 17:42:37 | INFO | Iniciando leitura da seguranca do projeto 'Ampliações 7°Ano SH 11' (ID: 211943)
2026-05-25 17:42:37 | INFO | Get-PWFolderSecurity retornou 16 item(ns).
2026-05-25 17:42:37 | INFO | Get-PWFolderTreeAccessObjects retornou 1 item(ns).
2026-05-25 17:42:37 | WARN | Cmdlet Get-PWProjectSecurity nao encontrado no ambiente. A leitura seguira apenas com FolderSecurity/TreeAccessObjects.
2026-05-25 17:42:37 | INFO | Total consolidado de acessos encontrados: 14
2026-05-25 17:42:37 | INFO | Projeto 'Ampliações 7° Ano SH 11 - km 107+120 - 124+420 - BR153/GO' carregado para arvore. Groups=11 | UserLists=2 | Outros=1
2026-05-25 17:42:37 | INFO | Iniciando leitura da seguranca do projeto 'Ampliações 7°Ano SH 15' (ID: 73852)
2026-05-25 17:42:38 | INFO | Get-PWFolderSecurity retornou 25 item(ns).
2026-05-25 17:42:38 | INFO | Get-PWFolderTreeAccessObjects retornou 1 item(ns).
2026-05-25 17:42:38 | WARN | Cmdlet Get-PWProjectSecurity nao encontrado no ambiente. A leitura seguira apenas com FolderSecurity/TreeAccessObjects.
2026-05-25 17:42:38 | INFO | Total consolidado de acessos encontrados: 23
2026-05-25 17:42:38 | INFO | Projeto 'Ampliações 7° Ano SH 15 - km 199+430 - 212+450 - BR153/GO' carregado para arvore. Groups=20 | UserLists=2 | Outros=1
2026-05-25 17:42:38 | INFO | Iniciando leitura da seguranca do projeto 'Ampliações 7°Ano SH 24 a 26' (ID: 212724)
2026-05-25 17:42:38 | INFO | Get-PWFolderSecurity retornou 16 item(ns).
2026-05-25 17:42:38 | INFO | Get-PWFolderTreeAccessObjects retornou 1 item(ns).
2026-05-25 17:42:38 | WARN | Cmdlet Get-PWProjectSecurity nao encontrado no ambiente. A leitura seguira apenas com FolderSecurity/TreeAccessObjects.
2026-05-25 17:42:39 | INFO | Total consolidado de acessos encontrados: 14
2026-05-25 17:42:39 | INFO | Projeto 'Ampliações 7° Ano SH 24 a 26 - km 357+292 - 377+170 - BR153/GO' carregado para arvore. Groups=11 | UserLists=2 | Outros=1
2026-05-25 17:42:39 | INFO | Iniciando leitura da seguranca do projeto 'Ampliações 8°Ano SH 27 e 28' (ID: 213506)
2026-05-25 17:42:39 | INFO | Get-PWFolderSecurity retornou 16 item(ns).
2026-05-25 17:42:39 | INFO | Get-PWFolderTreeAccessObjects retornou 1 item(ns).
2026-05-25 17:42:39 | WARN | Cmdlet Get-PWProjectSecurity nao encontrado no ambiente. A leitura seguira apenas com FolderSecurity/TreeAccessObjects.
2026-05-25 17:42:39 | INFO | Total consolidado de acessos encontrados: 14
2026-05-25 17:42:39 | INFO | Projeto 'Ampliações 8° Ano SH 27 e 28 - km 377+170 - 420+530 - BR153/GO' carregado para arvore. Groups=11 | UserLists=2 | Outros=1
2026-05-25 17:42:39 | INFO | Iniciando leitura da seguranca do projeto 'Ampliações 8°Ano SH 29 e 30' (ID: 214287)
2026-05-25 17:42:40 | INFO | Get-PWFolderSecurity retornou 16 item(ns).
2026-05-25 17:42:40 | INFO | Get-PWFolderTreeAccessObjects retornou 1 item(ns).
2026-05-25 17:42:40 | WARN | Cmdlet Get-PWProjectSecurity nao encontrado no ambiente. A leitura seguira apenas com FolderSecurity/TreeAccessObjects.
2026-05-25 17:42:40 | INFO | Total consolidado de acessos encontrados: 14
2026-05-25 17:42:40 | INFO | Projeto 'Ampliações 8° Ano SH 29 a 30 - km 429+725 - 438+50 - BR153/GO' carregado para arvore. Groups=11 | UserLists=2 | Outros=1
2026-05-25 17:42:40 | INFO | Iniciando leitura da seguranca do projeto 'Ampliações 9°Ano SH 30' (ID: 215068)
2026-05-25 17:42:40 | INFO | Get-PWFolderSecurity retornou 16 item(ns).
2026-05-25 17:42:40 | INFO | Get-PWFolderTreeAccessObjects retornou 1 item(ns).
2026-05-25 17:42:40 | WARN | Cmdlet Get-PWProjectSecurity nao encontrado no ambiente. A leitura seguira apenas com FolderSecurity/TreeAccessObjects.
2026-05-25 17:42:40 | INFO | Total consolidado de acessos encontrados: 14
2026-05-25 17:42:40 | INFO | Projeto 'Ampliações 9° Ano SH 30 - km 435+50 - 444+132 - BR153/GO' carregado para arvore. Groups=11 | UserLists=2 | Outros=1
2026-05-25 17:42:40 | INFO | Iniciando leitura da seguranca do projeto 'Ampliações 9°Ano SH 42' (ID: 235405)
2026-05-25 17:42:41 | INFO | Get-PWFolderSecurity retornou 16 item(ns).
2026-05-25 17:42:41 | INFO | Get-PWFolderTreeAccessObjects retornou 1 item(ns).
2026-05-25 17:42:41 | WARN | Cmdlet Get-PWProjectSecurity nao encontrado no ambiente. A leitura seguira apenas com FolderSecurity/TreeAccessObjects.
2026-05-25 17:42:41 | INFO | Total consolidado de acessos encontrados: 14
2026-05-25 17:42:41 | INFO | Projeto 'Ampliações 9° Ano SH 42 - km 395+890 - 409+05 - BR414/GO' carregado para arvore. Groups=11 | UserLists=2 | Outros=1
2026-05-25 17:42:41 | INFO | Iniciando leitura da seguranca do projeto 'Atendimento classe 1A' (ID: 395024)
2026-05-25 17:42:41 | INFO | Get-PWFolderSecurity retornou 14 item(ns).
2026-05-25 17:42:41 | INFO | Get-PWFolderTreeAccessObjects retornou 1 item(ns).
2026-05-25 17:42:41 | WARN | Cmdlet Get-PWProjectSecurity nao encontrado no ambiente. A leitura seguira apenas com FolderSecurity/TreeAccessObjects.
2026-05-25 17:42:41 | INFO | Total consolidado de acessos encontrados: 13
2026-05-25 17:42:41 | INFO | Projeto 'Adequação Largura de Faixa Existente - Atendimento classe 1A' carregado para arvore. Groups=11 | UserLists=1 | Outros=1
2026-05-25 17:42:41 | INFO | Iniciando leitura da seguranca do projeto 'BSO 01 km 422+420' (ID: 269955)
2026-05-25 17:42:42 | INFO | Get-PWFolderSecurity retornou 16 item(ns).
2026-05-25 17:42:42 | INFO | Get-PWFolderTreeAccessObjects retornou 1 item(ns).
2026-05-25 17:42:42 | WARN | Cmdlet Get-PWProjectSecurity nao encontrado no ambiente. A leitura seguira apenas com FolderSecurity/TreeAccessObjects.
2026-05-25 17:42:42 | INFO | Total consolidado de acessos encontrados: 14
2026-05-25 17:42:42 | INFO | Projeto 'BSO 1 (sem SAU) - Anápolis - km 422+420 Norte - BR153/GO' carregado para arvore. Groups=11 | UserLists=2 | Outros=1
2026-05-25 17:42:42 | INFO | Iniciando leitura da seguranca do projeto 'BSO 02 -  km 380+080' (ID: 271731)
2026-05-25 17:42:43 | INFO | Get-PWFolderSecurity retornou 16 item(ns).
2026-05-25 17:42:43 | INFO | Get-PWFolderTreeAccessObjects retornou 1 item(ns).
2026-05-25 17:42:43 | WARN | Cmdlet Get-PWProjectSecurity nao encontrado no ambiente. A leitura seguira apenas com FolderSecurity/TreeAccessObjects.
2026-05-25 17:42:43 | INFO | Total consolidado de acessos encontrados: 14
2026-05-25 17:42:43 | INFO | Projeto 'BSO 2 (sem SAU) - São Francisco de Goiás - km 380+080 Sul - BR153/GO' carregado para arvore. Groups=11 | UserLists=2 | Outros=1
2026-05-25 17:42:43 | INFO | Iniciando leitura da seguranca do projeto 'BSO 03 km 342+000' (ID: 273475)
2026-05-25 17:42:43 | INFO | Get-PWFolderSecurity retornou 16 item(ns).
2026-05-25 17:42:43 | INFO | Get-PWFolderTreeAccessObjects retornou 1 item(ns).
2026-05-25 17:42:43 | WARN | Cmdlet Get-PWProjectSecurity nao encontrado no ambiente. A leitura seguira apenas com FolderSecurity/TreeAccessObjects.
2026-05-25 17:42:43 | INFO | Total consolidado de acessos encontrados: 14
2026-05-25 17:42:43 | INFO | Projeto 'BSO 3 (com SAU) - Jaraguá - km 342+000 Norte - BR153/GO' carregado para arvore. Groups=11 | UserLists=2 | Outros=1
2026-05-25 17:42:43 | INFO | Iniciando leitura da seguranca do projeto 'BSO 04 km 295+280' (ID: 275236)
2026-05-25 17:42:44 | INFO | Get-PWFolderSecurity retornou 16 item(ns).
2026-05-25 17:42:44 | INFO | Get-PWFolderTreeAccessObjects retornou 1 item(ns).
2026-05-25 17:42:44 | WARN | Cmdlet Get-PWProjectSecurity nao encontrado no ambiente. A leitura seguira apenas com FolderSecurity/TreeAccessObjects.
2026-05-25 17:42:44 | INFO | Total consolidado de acessos encontrados: 14
2026-05-25 17:42:44 | INFO | Projeto 'BSO 4 (com SAU) - Rialma - km 295+280 Sul - BR153/GO' carregado para arvore. Groups=11 | UserLists=2 | Outros=1
2026-05-25 17:42:44 | INFO | Iniciando leitura da seguranca do projeto 'BSO 05 km 256+660' (ID: 276197)
2026-05-25 17:42:44 | INFO | Get-PWFolderSecurity retornou 16 item(ns).
2026-05-25 17:42:44 | INFO | Get-PWFolderTreeAccessObjects retornou 1 item(ns).
2026-05-25 17:42:44 | WARN | Cmdlet Get-PWProjectSecurity nao encontrado no ambiente. A leitura seguira apenas com FolderSecurity/TreeAccessObjects.
2026-05-25 17:42:44 | INFO | Total consolidado de acessos encontrados: 14
2026-05-25 17:42:44 | INFO | Projeto 'BSO 5 (sem SAU) - São Luiz do Norte - km 256+660 Norte - BR153/GO' carregado para arvore. Groups=11 | UserLists=2 | Outros=1
2026-05-25 17:42:44 | INFO | Iniciando leitura da seguranca do projeto 'BSO 06 km 212+760' (ID: 276978)
2026-05-25 17:42:45 | INFO | Get-PWFolderSecurity retornou 16 item(ns).
2026-05-25 17:42:45 | INFO | Get-PWFolderTreeAccessObjects retornou 1 item(ns).
2026-05-25 17:42:45 | WARN | Cmdlet Get-PWProjectSecurity nao encontrado no ambiente. A leitura seguira apenas com FolderSecurity/TreeAccessObjects.
2026-05-25 17:42:45 | INFO | Total consolidado de acessos encontrados: 14
2026-05-25 17:42:45 | INFO | Projeto 'BSO 6 (sem SAU) - Uruaçu - km 212+760 Sul - BR153/GO' carregado para arvore. Groups=11 | UserLists=2 | Outros=1
2026-05-25 17:42:45 | INFO | Iniciando leitura da seguranca do projeto 'BSO 07 km 170+980' (ID: 277759)
2026-05-25 17:42:46 | INFO | Get-PWFolderSecurity retornou 16 item(ns).
2026-05-25 17:42:46 | INFO | Get-PWFolderTreeAccessObjects retornou 1 item(ns).
2026-05-25 17:42:46 | WARN | Cmdlet Get-PWProjectSecurity nao encontrado no ambiente. A leitura seguira apenas com FolderSecurity/TreeAccessObjects.
2026-05-25 17:42:46 | INFO | Total consolidado de acessos encontrados: 14
2026-05-25 17:42:46 | INFO | Projeto 'BSO 7 (com SAU) - Campinorte - km 170+980 Norte - BR153/GO' carregado para arvore. Groups=11 | UserLists=2 | Outros=1
2026-05-25 17:42:46 | INFO | Iniciando leitura da seguranca do projeto 'BSO 08 km 129+880' (ID: 278540)
2026-05-25 17:42:46 | INFO | Get-PWFolderSecurity retornou 16 item(ns).
2026-05-25 17:42:46 | INFO | Get-PWFolderTreeAccessObjects retornou 1 item(ns).
2026-05-25 17:42:46 | WARN | Cmdlet Get-PWProjectSecurity nao encontrado no ambiente. A leitura seguira apenas com FolderSecurity/TreeAccessObjects.
2026-05-25 17:42:46 | INFO | Total consolidado de acessos encontrados: 14
2026-05-25 17:42:46 | INFO | Projeto 'BSO 08 (com SAU) - km 129+880 Sul - BR153/GO' carregado para arvore. Groups=11 | UserLists=2 | Outros=1
2026-05-25 17:42:46 | INFO | Iniciando leitura da seguranca do projeto 'BSO 09 km 087+040' (ID: 279321)
2026-05-25 17:42:47 | INFO | Get-PWFolderSecurity retornou 16 item(ns).
2026-05-25 17:42:47 | INFO | Get-PWFolderTreeAccessObjects retornou 1 item(ns).
2026-05-25 17:42:47 | WARN | Cmdlet Get-PWProjectSecurity nao encontrado no ambiente. A leitura seguira apenas com FolderSecurity/TreeAccessObjects.
2026-05-25 17:42:47 | INFO | Total consolidado de acessos encontrados: 14
2026-05-25 17:42:47 | INFO | Projeto 'BSO 09 (sem SAU) - km 087+040 Norte - BR153/GO' carregado para arvore. Groups=11 | UserLists=2 | Outros=1
2026-05-25 17:42:47 | INFO | Iniciando leitura da seguranca do projeto 'BSO 10 km 046+870' (ID: 280102)
2026-05-25 17:42:47 | INFO | Get-PWFolderSecurity retornou 16 item(ns).
2026-05-25 17:42:47 | INFO | Get-PWFolderTreeAccessObjects retornou 1 item(ns).
2026-05-25 17:42:47 | WARN | Cmdlet Get-PWProjectSecurity nao encontrado no ambiente. A leitura seguira apenas com FolderSecurity/TreeAccessObjects.
2026-05-25 17:42:47 | INFO | Total consolidado de acessos encontrados: 14
2026-05-25 17:42:47 | INFO | Projeto 'BSO 10 (sem SAU) - km 046+870 Sul - BR153/GO' carregado para arvore. Groups=11 | UserLists=2 | Outros=1
2026-05-25 17:42:47 | INFO | Iniciando leitura da seguranca do projeto 'BSO 11 km 409+260' (ID: 280883)
2026-05-25 17:42:48 | INFO | Get-PWFolderSecurity retornou 16 item(ns).
2026-05-25 17:42:48 | INFO | Get-PWFolderTreeAccessObjects retornou 1 item(ns).
2026-05-25 17:42:48 | WARN | Cmdlet Get-PWProjectSecurity nao encontrado no ambiente. A leitura seguira apenas com FolderSecurity/TreeAccessObjects.
2026-05-25 17:42:48 | INFO | Total consolidado de acessos encontrados: 14
2026-05-25 17:42:48 | INFO | Projeto 'BSO 11 (com SAU) - km 409+260 Norte - BR153/GO' carregado para arvore. Groups=11 | UserLists=2 | Outros=1
2026-05-25 17:42:48 | INFO | Iniciando leitura da seguranca do projeto 'BSO 12 km 765+220' (ID: 281664)
2026-05-25 17:42:49 | INFO | Get-PWFolderSecurity retornou 16 item(ns).
2026-05-25 17:42:49 | INFO | Get-PWFolderTreeAccessObjects retornou 1 item(ns).
2026-05-25 17:42:49 | WARN | Cmdlet Get-PWProjectSecurity nao encontrado no ambiente. A leitura seguira apenas com FolderSecurity/TreeAccessObjects.
2026-05-25 17:42:49 | INFO | Total consolidado de acessos encontrados: 14
2026-05-25 17:42:49 | INFO | Projeto 'BSO 12 (com SAU) - km 765+220 Sul - BR153/TO' carregado para arvore. Groups=11 | UserLists=2 | Outros=1
2026-05-25 17:42:49 | INFO | Iniciando leitura da seguranca do projeto 'BSO 13 km 717+200' (ID: 282445)
2026-05-25 17:42:49 | INFO | Get-PWFolderSecurity retornou 16 item(ns).
2026-05-25 17:42:49 | INFO | Get-PWFolderTreeAccessObjects retornou 1 item(ns).
2026-05-25 17:42:49 | WARN | Cmdlet Get-PWProjectSecurity nao encontrado no ambiente. A leitura seguira apenas com FolderSecurity/TreeAccessObjects.
2026-05-25 17:42:49 | INFO | Total consolidado de acessos encontrados: 14
2026-05-25 17:42:49 | INFO | Projeto 'BSO 13 (sem SAU) - km 717+200 Norte - BR153/TO' carregado para arvore. Groups=11 | UserLists=2 | Outros=1
2026-05-25 17:42:49 | INFO | Iniciando leitura da seguranca do projeto 'BSO 14 km 677+200' (ID: 283230)
2026-05-25 17:42:50 | INFO | Get-PWFolderSecurity retornou 16 item(ns).
2026-05-25 17:42:50 | INFO | Get-PWFolderTreeAccessObjects retornou 1 item(ns).
2026-05-25 17:42:50 | WARN | Cmdlet Get-PWProjectSecurity nao encontrado no ambiente. A leitura seguira apenas com FolderSecurity/TreeAccessObjects.
2026-05-25 17:42:50 | INFO | Total consolidado de acessos encontrados: 14
2026-05-25 17:42:50 | INFO | Projeto 'BSO 14 (sem SAU) - km 677+200 Sul - BR153/TO' carregado para arvore. Groups=11 | UserLists=2 | Outros=1
2026-05-25 17:42:50 | INFO | Iniciando leitura da seguranca do projeto 'BSO 15 km 637+500' (ID: 284011)
2026-05-25 17:42:50 | INFO | Get-PWFolderSecurity retornou 16 item(ns).
2026-05-25 17:42:51 | INFO | Get-PWFolderTreeAccessObjects retornou 1 item(ns).
2026-05-25 17:42:51 | WARN | Cmdlet Get-PWProjectSecurity nao encontrado no ambiente. A leitura seguira apenas com FolderSecurity/TreeAccessObjects.
2026-05-25 17:42:51 | INFO | Total consolidado de acessos encontrados: 14
2026-05-25 17:42:51 | INFO | Projeto 'BSO 15 (com SAU) -  km 637+500 Norte - BR153/TO' carregado para arvore. Groups=11 | UserLists=2 | Outros=1
2026-05-25 17:42:51 | INFO | Iniciando leitura da seguranca do projeto 'BSO 16 km 409+260' (ID: 284792)
2026-05-25 17:42:51 | INFO | Get-PWFolderSecurity retornou 16 item(ns).
2026-05-25 17:42:51 | INFO | Get-PWFolderTreeAccessObjects retornou 1 item(ns).
2026-05-25 17:42:51 | WARN | Cmdlet Get-PWProjectSecurity nao encontrado no ambiente. A leitura seguira apenas com FolderSecurity/TreeAccessObjects.
2026-05-25 17:42:51 | INFO | Total consolidado de acessos encontrados: 14
2026-05-25 17:42:51 | INFO | Projeto 'BSO 16 (sem SAU) - km 409+260 Norte - BR414/GO' carregado para arvore. Groups=11 | UserLists=2 | Outros=1
2026-05-25 17:42:51 | INFO | Iniciando leitura da seguranca do projeto 'BSO 17 km 360+120' (ID: 285573)
2026-05-25 17:42:52 | INFO | Get-PWFolderSecurity retornou 16 item(ns).
2026-05-25 17:42:52 | INFO | Get-PWFolderTreeAccessObjects retornou 1 item(ns).
2026-05-25 17:42:52 | WARN | Cmdlet Get-PWProjectSecurity nao encontrado no ambiente. A leitura seguira apenas com FolderSecurity/TreeAccessObjects.
2026-05-25 17:42:52 | INFO | Total consolidado de acessos encontrados: 14
2026-05-25 17:42:52 | INFO | Projeto 'BSO 17 (com SAU) - km 360+120 Sul - BR414/GO' carregado para arvore. Groups=11 | UserLists=2 | Outros=1
2026-05-25 17:42:52 | INFO | Iniciando leitura da seguranca do projeto 'BSO 18 km 305+460' (ID: 286354)
2026-05-25 17:42:52 | INFO | Get-PWFolderSecurity retornou 16 item(ns).
2026-05-25 17:42:52 | INFO | Get-PWFolderTreeAccessObjects retornou 1 item(ns).
2026-05-25 17:42:52 | WARN | Cmdlet Get-PWProjectSecurity nao encontrado no ambiente. A leitura seguira apenas com FolderSecurity/TreeAccessObjects.
2026-05-25 17:42:52 | INFO | Total consolidado de acessos encontrados: 14
2026-05-25 17:42:53 | INFO | Projeto 'BSO 18 (com SAU) - km 305+460 Norte - BR414/GO' carregado para arvore. Groups=11 | UserLists=2 | Outros=1
2026-05-25 17:42:53 | INFO | Iniciando leitura da seguranca do projeto 'BSO 19 km 141+950' (ID: 287135)
2026-05-25 17:42:53 | INFO | Get-PWFolderSecurity retornou 16 item(ns).
2026-05-25 17:42:53 | INFO | Get-PWFolderTreeAccessObjects retornou 1 item(ns).
2026-05-25 17:42:53 | WARN | Cmdlet Get-PWProjectSecurity nao encontrado no ambiente. A leitura seguira apenas com FolderSecurity/TreeAccessObjects.
2026-05-25 17:42:53 | INFO | Total consolidado de acessos encontrados: 14
2026-05-25 17:42:53 | INFO | Projeto 'BSO 19 (sem SAU) - km 141+950 Sul - BR080/GO' carregado para arvore. Groups=11 | UserLists=2 | Outros=1
2026-05-25 17:42:53 | INFO | Iniciando leitura da seguranca do projeto 'Dispositivo 9°Ano' (ID: 54554)
2026-05-25 17:42:54 | INFO | Get-PWFolderSecurity retornou 16 item(ns).
2026-05-25 17:42:54 | INFO | Get-PWFolderTreeAccessObjects retornou 1 item(ns).
2026-05-25 17:42:54 | WARN | Cmdlet Get-PWProjectSecurity nao encontrado no ambiente. A leitura seguira apenas com FolderSecurity/TreeAccessObjects.
2026-05-25 17:42:54 | INFO | Total consolidado de acessos encontrados: 14
2026-05-25 17:42:54 | INFO | Projeto 'Dispositivo 9°Ano - km 444+122 - BR153/GO' carregado para arvore. Groups=11 | UserLists=2 | Outros=1
2026-05-25 17:42:54 | INFO | Iniciando leitura da seguranca do projeto 'HS-WIM 1 km169+067' (ID: 291834)
2026-05-25 17:42:54 | INFO | Get-PWFolderSecurity retornou 16 item(ns).
2026-05-25 17:42:54 | INFO | Get-PWFolderTreeAccessObjects retornou 1 item(ns).
2026-05-25 17:42:54 | WARN | Cmdlet Get-PWProjectSecurity nao encontrado no ambiente. A leitura seguira apenas com FolderSecurity/TreeAccessObjects.
2026-05-25 17:42:54 | INFO | Total consolidado de acessos encontrados: 14
2026-05-25 17:42:54 | INFO | Projeto 'HS-WIM Campinorte - km 169+067 - BR153/GO' carregado para arvore. Groups=11 | UserLists=2 | Outros=1
2026-05-25 17:42:54 | INFO | Iniciando leitura da seguranca do projeto 'HS-WIM 2 km432+174' (ID: 292616)
2026-05-25 17:42:55 | INFO | Get-PWFolderSecurity retornou 16 item(ns).
2026-05-25 17:42:55 | INFO | Get-PWFolderTreeAccessObjects retornou 1 item(ns).
2026-05-25 17:42:55 | WARN | Cmdlet Get-PWProjectSecurity nao encontrado no ambiente. A leitura seguira apenas com FolderSecurity/TreeAccessObjects.
2026-05-25 17:42:55 | INFO | Total consolidado de acessos encontrados: 14
2026-05-25 17:42:55 | INFO | Projeto 'HS-WIM Abadiânia - km 432+174 - BR414/GO' carregado para arvore. Groups=11 | UserLists=2 | Outros=1
2026-05-25 17:42:55 | INFO | Iniciando leitura da seguranca do projeto 'Marginal sul km 671-677' (ID: 310242)
2026-05-25 17:42:56 | INFO | Get-PWFolderSecurity retornou 27 item(ns).
2026-05-25 17:42:56 | INFO | Get-PWFolderTreeAccessObjects retornou 1 item(ns).
2026-05-25 17:42:56 | WARN | Cmdlet Get-PWProjectSecurity nao encontrado no ambiente. A leitura seguira apenas com FolderSecurity/TreeAccessObjects.
2026-05-25 17:42:56 | INFO | Total consolidado de acessos encontrados: 25
2026-05-25 17:42:56 | INFO | Projeto 'Marginal sul - km 671 - 677 - BR153/TO' carregado para arvore. Groups=21 | UserLists=3 | Outros=1
2026-05-25 17:42:56 | INFO | Iniciando leitura da seguranca do projeto 'Passarela Aliança km 623' (ID: 347970)
2026-05-25 17:42:57 | INFO | Get-PWFolderSecurity retornou 26 item(ns).
2026-05-25 17:42:57 | INFO | Get-PWFolderTreeAccessObjects retornou 1 item(ns).
2026-05-25 17:42:57 | WARN | Cmdlet Get-PWProjectSecurity nao encontrado no ambiente. A leitura seguira apenas com FolderSecurity/TreeAccessObjects.
2026-05-25 17:42:57 | INFO | Total consolidado de acessos encontrados: 24
2026-05-25 17:42:57 | INFO | Projeto 'Passarela 4 Aliança 4° Ano - km 623+500 - BR153/TO' carregado para arvore. Groups=20 | UserLists=3 | Outros=1
2026-05-25 17:42:57 | INFO | Iniciando leitura da seguranca do projeto 'Passarela Alvorada Km 759' (ID: 336554)
2026-05-25 17:42:57 | INFO | Get-PWFolderSecurity retornou 16 item(ns).
2026-05-25 17:42:57 | INFO | Get-PWFolderTreeAccessObjects retornou 1 item(ns).
2026-05-25 17:42:57 | WARN | Cmdlet Get-PWProjectSecurity nao encontrado no ambiente. A leitura seguira apenas com FolderSecurity/TreeAccessObjects.
2026-05-25 17:42:57 | INFO | Total consolidado de acessos encontrados: 14
2026-05-25 17:42:57 | INFO | Projeto 'Passarela 3 Alvorada 4° Ano - Km 759+700 - BR153/GO' carregado para arvore. Groups=11 | UserLists=2 | Outros=1
2026-05-25 17:42:57 | INFO | Iniciando leitura da seguranca do projeto 'Passarela Uruaçu km 197' (ID: 334989)
2026-05-25 17:42:58 | INFO | Get-PWFolderSecurity retornou 16 item(ns).
2026-05-25 17:42:58 | INFO | Get-PWFolderTreeAccessObjects retornou 1 item(ns).
2026-05-25 17:42:58 | WARN | Cmdlet Get-PWProjectSecurity nao encontrado no ambiente. A leitura seguira apenas com FolderSecurity/TreeAccessObjects.
2026-05-25 17:42:58 | INFO | Total consolidado de acessos encontrados: 14
2026-05-25 17:42:58 | INFO | Projeto 'Passarela 1 Uruaçu 4° Ano - km 197+800 - BR153/GO' carregado para arvore. Groups=11 | UserLists=2 | Outros=1
2026-05-25 17:42:58 | INFO | Iniciando leitura da seguranca do projeto 'Passarela Uruaçu km 198' (ID: 335770)
2026-05-25 17:42:58 | INFO | Get-PWFolderSecurity retornou 16 item(ns).
2026-05-25 17:42:58 | INFO | Get-PWFolderTreeAccessObjects retornou 1 item(ns).
2026-05-25 17:42:58 | WARN | Cmdlet Get-PWProjectSecurity nao encontrado no ambiente. A leitura seguira apenas com FolderSecurity/TreeAccessObjects.
2026-05-25 17:42:58 | INFO | Total consolidado de acessos encontrados: 14
2026-05-25 17:42:58 | INFO | Projeto 'Passarela 2 Uruaçu 4° Ano - Km 198+430 - BR153/GO' carregado para arvore. Groups=11 | UserLists=2 | Outros=1
2026-05-25 17:42:58 | INFO | Iniciando leitura da seguranca do projeto 'Pontos de ônibus' (ID: 370792)
2026-05-25 17:42:59 | INFO | Get-PWFolderSecurity retornou 18 item(ns).
2026-05-25 17:42:59 | INFO | Get-PWFolderTreeAccessObjects retornou 1 item(ns).
2026-05-25 17:42:59 | WARN | Cmdlet Get-PWProjectSecurity nao encontrado no ambiente. A leitura seguira apenas com FolderSecurity/TreeAccessObjects.
2026-05-25 17:42:59 | INFO | Total consolidado de acessos encontrados: 15
2026-05-25 17:42:59 | INFO | Projeto 'Pontos de ônibus 3° e 4° Ano - BR-153' carregado para arvore. Groups=11 | UserLists=2 | Outros=2
2026-05-25 17:42:59 | INFO | Iniciando leitura da seguranca do projeto 'PPD 01 km 801+020' (ID: 287916)
2026-05-25 17:43:00 | INFO | Get-PWFolderSecurity retornou 16 item(ns).
2026-05-25 17:43:00 | INFO | Get-PWFolderTreeAccessObjects retornou 1 item(ns).
2026-05-25 17:43:00 | WARN | Cmdlet Get-PWProjectSecurity nao encontrado no ambiente. A leitura seguira apenas com FolderSecurity/TreeAccessObjects.
2026-05-25 17:43:00 | INFO | Total consolidado de acessos encontrados: 14
2026-05-25 17:43:00 | INFO | Projeto 'PPD Talismã - km 801+020 Norte - BR153/TO' carregado para arvore. Groups=11 | UserLists=2 | Outros=1
2026-05-25 17:43:00 | INFO | Iniciando leitura da seguranca do projeto 'PPD 02 km 210+900' (ID: 288697)
2026-05-25 17:43:00 | INFO | Get-PWFolderSecurity retornou 16 item(ns).
2026-05-25 17:43:00 | INFO | Get-PWFolderTreeAccessObjects retornou 1 item(ns).
2026-05-25 17:43:00 | WARN | Cmdlet Get-PWProjectSecurity nao encontrado no ambiente. A leitura seguira apenas com FolderSecurity/TreeAccessObjects.
2026-05-25 17:43:00 | INFO | Total consolidado de acessos encontrados: 14
2026-05-25 17:43:01 | INFO | Projeto 'PPD Uruaçu - km 210+900 Sul - BR153/GO' carregado para arvore. Groups=11 | UserLists=2 | Outros=1
2026-05-25 17:43:01 | INFO | Iniciando leitura da seguranca do projeto 'PPF km 168+000' (ID: 289478)
2026-05-25 17:43:01 | INFO | Get-PWFolderSecurity retornou 15 item(ns).
2026-05-25 17:43:01 | INFO | Get-PWFolderTreeAccessObjects retornou 1 item(ns).
2026-05-25 17:43:01 | WARN | Cmdlet Get-PWProjectSecurity nao encontrado no ambiente. A leitura seguira apenas com FolderSecurity/TreeAccessObjects.
2026-05-25 17:43:01 | INFO | Total consolidado de acessos encontrados: 13
2026-05-25 17:43:01 | INFO | Projeto 'Posto de Pesagem - km 168+000 - BR153/GO' carregado para arvore. Groups=11 | UserLists=1 | Outros=1
2026-05-25 17:43:01 | INFO | Iniciando leitura da seguranca do projeto 'PPF km 171+000' (ID: 290259)
2026-05-25 17:43:02 | INFO | Get-PWFolderSecurity retornou 15 item(ns).
2026-05-25 17:43:02 | INFO | Get-PWFolderTreeAccessObjects retornou 1 item(ns).
2026-05-25 17:43:02 | WARN | Cmdlet Get-PWProjectSecurity nao encontrado no ambiente. A leitura seguira apenas com FolderSecurity/TreeAccessObjects.
2026-05-25 17:43:02 | INFO | Total consolidado de acessos encontrados: 13
2026-05-25 17:43:02 | INFO | Projeto 'Posto de Pesagem - km 171+000 - BR153/GO' carregado para arvore. Groups=11 | UserLists=1 | Outros=1
2026-05-25 17:43:02 | INFO | Iniciando leitura da seguranca do projeto 'PPF km 431+300' (ID: 291040)
2026-05-25 17:43:02 | INFO | Get-PWFolderSecurity retornou 15 item(ns).
2026-05-25 17:43:02 | INFO | Get-PWFolderTreeAccessObjects retornou 1 item(ns).
2026-05-25 17:43:02 | WARN | Cmdlet Get-PWProjectSecurity nao encontrado no ambiente. A leitura seguira apenas com FolderSecurity/TreeAccessObjects.
2026-05-25 17:43:02 | INFO | Total consolidado de acessos encontrados: 13
2026-05-25 17:43:02 | INFO | Projeto 'Posto de Pesagem - km 431+300 - BR414/GO' carregado para arvore. Groups=11 | UserLists=1 | Outros=1
2026-05-25 17:43:02 | INFO | Iniciando leitura da seguranca do projeto 'Praça 01 km 640+000' (ID: 253195)
2026-05-25 17:43:03 | INFO | Get-PWFolderSecurity retornou 16 item(ns).
2026-05-25 17:43:03 | INFO | Get-PWFolderTreeAccessObjects retornou 1 item(ns).
2026-05-25 17:43:03 | WARN | Cmdlet Get-PWProjectSecurity nao encontrado no ambiente. A leitura seguira apenas com FolderSecurity/TreeAccessObjects.
2026-05-25 17:43:03 | INFO | Total consolidado de acessos encontrados: 14
2026-05-25 17:43:03 | INFO | Projeto 'Praça de Pedágio Aliança do Tocantins - km 640+000 - BR153/TO' carregado para arvore. Groups=11 | UserLists=2 | Outros=1
2026-05-25 17:43:03 | INFO | Iniciando leitura da seguranca do projeto 'Praça 02 km 745+555' (ID: 255070)
2026-05-25 17:43:03 | INFO | Get-PWFolderSecurity retornou 16 item(ns).
2026-05-25 17:43:03 | INFO | Get-PWFolderTreeAccessObjects retornou 1 item(ns).
2026-05-25 17:43:03 | WARN | Cmdlet Get-PWProjectSecurity nao encontrado no ambiente. A leitura seguira apenas com FolderSecurity/TreeAccessObjects.
2026-05-25 17:43:03 | INFO | Total consolidado de acessos encontrados: 14
2026-05-25 17:43:03 | INFO | Projeto 'Praça de Pedágio Alvorada - km 745+555 - BR153/TO' carregado para arvore. Groups=11 | UserLists=2 | Outros=1
2026-05-25 17:43:03 | INFO | Iniciando leitura da seguranca do projeto 'Praça 03 km 012+500' (ID: 256892)
2026-05-25 17:43:04 | INFO | Get-PWFolderSecurity retornou 16 item(ns).
2026-05-25 17:43:04 | INFO | Get-PWFolderTreeAccessObjects retornou 1 item(ns).
2026-05-25 17:43:04 | WARN | Cmdlet Get-PWProjectSecurity nao encontrado no ambiente. A leitura seguira apenas com FolderSecurity/TreeAccessObjects.
2026-05-25 17:43:04 | INFO | Total consolidado de acessos encontrados: 14
2026-05-25 17:43:04 | INFO | Projeto 'Praça de Pedágio Porangatu - km 012+500 - BR153/GO' carregado para arvore. Groups=11 | UserLists=2 | Outros=1
2026-05-25 17:43:04 | INFO | Iniciando leitura da seguranca do projeto 'Praça 04 km 116+120' (ID: 258782)
2026-05-25 17:43:05 | INFO | Get-PWFolderSecurity retornou 16 item(ns).
2026-05-25 17:43:05 | INFO | Get-PWFolderTreeAccessObjects retornou 1 item(ns).
2026-05-25 17:43:05 | WARN | Cmdlet Get-PWProjectSecurity nao encontrado no ambiente. A leitura seguira apenas com FolderSecurity/TreeAccessObjects.
2026-05-25 17:43:05 | INFO | Total consolidado de acessos encontrados: 14
2026-05-25 17:43:05 | INFO | Projeto 'Praça de Pedágio Estrela do Norte -  km 116+120 - BR153/GO' carregado para arvore. Groups=11 | UserLists=2 | Outros=1
2026-05-25 17:43:05 | INFO | Iniciando leitura da seguranca do projeto 'Praça 05 km 182+040' (ID: 260616)
2026-05-25 17:43:05 | INFO | Get-PWFolderSecurity retornou 16 item(ns).
2026-05-25 17:43:05 | INFO | Get-PWFolderTreeAccessObjects retornou 1 item(ns).
2026-05-25 17:43:05 | WARN | Cmdlet Get-PWProjectSecurity nao encontrado no ambiente. A leitura seguira apenas com FolderSecurity/TreeAccessObjects.
2026-05-25 17:43:05 | INFO | Total consolidado de acessos encontrados: 14
2026-05-25 17:43:05 | INFO | Projeto 'Praça de Pedágio Campinorte - km 182+040 - BR153/GO' carregado para arvore. Groups=11 | UserLists=2 | Outros=1
2026-05-25 17:43:05 | INFO | Iniciando leitura da seguranca do projeto 'Praça 06 km 233+400' (ID: 262525)
2026-05-25 17:43:06 | INFO | Get-PWFolderSecurity retornou 16 item(ns).
2026-05-25 17:43:06 | INFO | Get-PWFolderTreeAccessObjects retornou 1 item(ns).
2026-05-25 17:43:06 | WARN | Cmdlet Get-PWProjectSecurity nao encontrado no ambiente. A leitura seguira apenas com FolderSecurity/TreeAccessObjects.
2026-05-25 17:43:06 | INFO | Total consolidado de acessos encontrados: 14
2026-05-25 17:43:06 | INFO | Projeto 'Praça de Pedágio Hidrolina - km 233+400 - BR153/GO' carregado para arvore. Groups=11 | UserLists=2 | Outros=1
2026-05-25 17:43:06 | INFO | Iniciando leitura da seguranca do projeto 'Praça 07 km 367+500' (ID: 264434)
2026-05-25 17:43:06 | INFO | Get-PWFolderSecurity retornou 16 item(ns).
2026-05-25 17:43:06 | INFO | Get-PWFolderTreeAccessObjects retornou 1 item(ns).
2026-05-25 17:43:06 | WARN | Cmdlet Get-PWProjectSecurity nao encontrado no ambiente. A leitura seguira apenas com FolderSecurity/TreeAccessObjects.
2026-05-25 17:43:06 | INFO | Total consolidado de acessos encontrados: 14
2026-05-25 17:43:06 | INFO | Projeto 'Praça de Pedágio Jaraguá - km 367+500 - BR153/GO' carregado para arvore. Groups=11 | UserLists=2 | Outros=1
2026-05-25 17:43:06 | INFO | Iniciando leitura da seguranca do projeto 'Praça 08 km 155+500' (ID: 266226)
2026-05-25 17:43:07 | INFO | Get-PWFolderSecurity retornou 16 item(ns).
2026-05-25 17:43:07 | INFO | Get-PWFolderTreeAccessObjects retornou 1 item(ns).
2026-05-25 17:43:07 | WARN | Cmdlet Get-PWProjectSecurity nao encontrado no ambiente. A leitura seguira apenas com FolderSecurity/TreeAccessObjects.
2026-05-25 17:43:07 | INFO | Total consolidado de acessos encontrados: 14
2026-05-25 17:43:07 | INFO | Projeto 'Praça de Pedágio Santa Rita do Novo Destino - km 155+500 - BR080/GO' carregado para arvore. Groups=11 | UserLists=2 | Outros=1
2026-05-25 17:43:07 | INFO | Iniciando leitura da seguranca do projeto 'Praça 09 km 404+080' (ID: 268129)
2026-05-25 17:43:08 | INFO | Get-PWFolderSecurity retornou 16 item(ns).
2026-05-25 17:43:08 | INFO | Get-PWFolderTreeAccessObjects retornou 1 item(ns).
2026-05-25 17:43:08 | WARN | Cmdlet Get-PWProjectSecurity nao encontrado no ambiente. A leitura seguira apenas com FolderSecurity/TreeAccessObjects.
2026-05-25 17:43:08 | INFO | Total consolidado de acessos encontrados: 14
2026-05-25 17:43:08 | INFO | Projeto 'Praça de Pedágio Corumbá de Goiás - km 404+080 - BR414/GO' carregado para arvore. Groups=11 | UserLists=2 | Outros=1
2026-05-25 17:43:08 | INFO | Iniciando leitura da seguranca do projeto 'Retorno em U km 668' (ID: 361738)
2026-05-25 17:43:08 | INFO | Get-PWFolderSecurity retornou 16 item(ns).
2026-05-25 17:43:08 | INFO | Get-PWFolderTreeAccessObjects retornou 1 item(ns).
2026-05-25 17:43:08 | WARN | Cmdlet Get-PWProjectSecurity nao encontrado no ambiente. A leitura seguira apenas com FolderSecurity/TreeAccessObjects.
2026-05-25 17:43:08 | INFO | Total consolidado de acessos encontrados: 14
2026-05-25 17:43:08 | INFO | Projeto 'Retorno em U - km 668 - BR-153/TO' carregado para arvore. Groups=11 | UserLists=2 | Outros=1
2026-05-25 17:43:08 | INFO | Iniciando leitura da seguranca do projeto 'Retorno km 1+238' (ID: 208819)
2026-05-25 17:43:09 | INFO | Get-PWFolderSecurity retornou 16 item(ns).
2026-05-25 17:43:09 | INFO | Get-PWFolderTreeAccessObjects retornou 1 item(ns).
2026-05-25 17:43:09 | WARN | Cmdlet Get-PWProjectSecurity nao encontrado no ambiente. A leitura seguira apenas com FolderSecurity/TreeAccessObjects.
2026-05-25 17:43:09 | INFO | Total consolidado de acessos encontrados: 14
2026-05-25 17:43:09 | INFO | Projeto 'Retornos em U 24° Ano - km 1+238 - BR153/GO' carregado para arvore. Groups=11 | UserLists=2 | Outros=1
2026-05-25 17:43:09 | INFO | Iniciando leitura da seguranca do projeto 'Retornos em “U” 20' (ID: 307124)
2026-05-25 17:43:10 | INFO | Get-PWFolderSecurity retornou 16 item(ns).
2026-05-25 17:43:10 | INFO | Get-PWFolderTreeAccessObjects retornou 1 item(ns).
2026-05-25 17:43:10 | WARN | Cmdlet Get-PWProjectSecurity nao encontrado no ambiente. A leitura seguira apenas com FolderSecurity/TreeAccessObjects.
2026-05-25 17:43:10 | INFO | Total consolidado de acessos encontrados: 14
2026-05-25 17:43:10 | INFO | Projeto 'Retornos em U 20° Ano - km 624+500 - 624+700 - BR153/TO' carregado para arvore. Groups=11 | UserLists=2 | Outros=1
2026-05-25 18:25:34 | INFO | Resumo final da execução | Total=5 | Sucesso=5 | JaExiste=0 | Erro=0
2026-05-25 19:02:33 | INFO | Sessao encerrada com 'Undo-PWLogin'.
